[17:42:51] [Server thread/INFO]: Starting minecraft server version 1.8.8
[17:42:51] [Server thread/INFO]: Loading properties
[17:42:51] [Server thread/INFO]: Default game type: SURVIVAL
[17:42:51] [Server thread/INFO]: This server is running CraftBukkit version git-PaperSpigot-445 (MC: 1.8.8) (Implementing API version 1.8.8-R0.1-SNAPSHOT)
[17:42:51] [Server thread/INFO]: Your platform does not provide complete low-level API for accessing direct buffers reliably. Unless explicitly requested, heap buffer will always be preferred to avoid potential system unstability.
[17:42:51] [Server thread/INFO]: Debug logging is disabled
[17:42:51] [Server thread/INFO]: Spigot Timings: true - Verbose: true - Interval: 5m - Length: 60m
[17:42:51] [Server thread/INFO]: Server Ping Player Sample Count: 12

[17:42:51] [Server thread/INFO]: Using 4 threads for Netty based IO
[17:42:51] [Server thread/INFO]: Data value allowed items: 
[17:42:51] [Server thread/WARN]: java.lang.NoSuchFieldException: modifiers

[17:42:51] [Server thread/WARN]: 	at java.base/java.lang.Class.getDeclaredField(Class.java:2782)

[17:42:51] [Server thread/WARN]: 	at org.github.paperspigot.PaperSpigotConfig.stackableBuckets(PaperSpigotConfig.java:192)

[17:42:51] [Server thread/WARN]: 	at java.base/jdk.internal.reflect.DirectMethodHandleAccessor.invoke(DirectMethodHandleAccessor.java:103)

[17:42:51] [Server thread/WARN]: 	at java.base/java.lang.reflect.Method.invoke(Method.java:580)

[17:42:51] [Server thread/WARN]: 	at org.github.paperspigot.PaperSpigotConfig.readConfig(PaperSpigotConfig.java:84)

[17:42:51] [Server thread/WARN]: 	at org.github.paperspigot.PaperSpigotConfig.init(PaperSpigotConfig.java:62)

[17:42:51] [Server thread/WARN]: 	at net.minecraft.server.v1_8_R3.DedicatedServer.init(DedicatedServer.java:181)

[17:42:51] [Server thread/WARN]: 	at net.minecraft.server.v1_8_R3.MinecraftServer.run(MinecraftServer.java:563)

[17:42:51] [Server thread/WARN]: 	at java.base/java.lang.Thread.run(Thread.java:1583)

[17:42:51] [Server thread/INFO]: Generating keypair
[17:42:51] [Server thread/INFO]: Starting Minecraft server on localhost:25565
[17:42:51] [Server thread/INFO]: Using default channel type
[17:42:51] [Server thread/WARN]: Plugin `Random_Teleport v1.1' uses the space-character (0x20) in its name `Random Teleport' - this is discouraged
[17:42:51] [Server thread/INFO]: Set PluginClassLoader as parallel capable
[17:42:51] [Server thread/INFO]: [SimpleTpa] Loading SimpleTpa v6.4
[17:42:51] [Server thread/INFO]: [SimpleHomes] Loading SimpleHomes v2.2
[17:42:51] [Server thread/INFO]: [WorldEdit] Loading WorldEdit v6.1;no_git_id
[17:42:51] [Server thread/INFO]: [Random_Teleport] Loading Random_Teleport v1.1
[17:42:51] [Server thread/INFO]: [LoginSecurity] Loading LoginSecurity v3.2.0
[17:42:51] [Server thread/INFO]: [WorldGuard] Loading WorldGuard v6.1.3-SNAPSHOT;c904242
[17:42:51] [Server thread/WARN]: **** SERVER IS RUNNING IN OFFLINE/INSECURE MODE!
[17:42:51] [Server thread/WARN]: The server will make no attempt to authenticate usernames. Beware.
[17:42:51] [Server thread/WARN]: Whilst this makes it possible to use BungeeCord, unless access to your server is properly restricted, it also opens up the ability for hackers to connect with any username they choose.
[17:42:51] [Server thread/WARN]: Please see http://www.spigotmc.org/wiki/firewall-guide/ for further information.
[17:42:51] [Server thread/WARN]: To change this, set "online-mode" to "true" in the server.properties file.
[17:42:51] [Server thread/INFO]: **** Beginning UUID conversion, this may take A LONG time ****
[17:42:51] [Server thread/INFO]: Preparing level "world"
[17:42:51] [Server thread/INFO]: -------- World Settings For [world] --------
[17:42:51] [Server thread/INFO]: Mob Spawn Range: 4
[17:42:51] [Server thread/INFO]: Anti X-Ray: true
[17:42:51] [Server thread/INFO]: 	Engine Mode: 1
[17:42:51] [Server thread/INFO]: 	Hidden Blocks: [14, 15, 16, 21, 48, 49, 54, 56, 73, 74, 82, 129, 130]
[17:42:51] [Server thread/INFO]: 	Replace Blocks: [1, 5]
[17:42:51] [Server thread/INFO]: Nerfing mobs spawned from spawners: false
[17:42:51] [Server thread/INFO]: Cactus Growth Modifier: 100%
[17:42:51] [Server thread/INFO]: Cane Growth Modifier: 100%
[17:42:51] [Server thread/INFO]: Melon Growth Modifier: 100%
[17:42:51] [Server thread/INFO]: Mushroom Growth Modifier: 100%
[17:42:51] [Server thread/INFO]: Pumpkin Growth Modifier: 100%
[17:42:51] [Server thread/INFO]: Sapling Growth Modifier: 100%
[17:42:51] [Server thread/INFO]: Wheat Growth Modifier: 100%
[17:42:51] [Server thread/INFO]: NetherWart Growth Modifier: 100%
[17:42:51] [Server thread/INFO]: Entity Activation Range: An 32 / Mo 32 / Mi 16
[17:42:51] [Server thread/INFO]: Entity Tracking Range: Pl 48 / An 48 / Mo 48 / Mi 32 / Other 64
[17:42:51] [Server thread/INFO]: Hopper Transfer: 8 Hopper Check: 8 Hopper Amount: 1
[17:42:51] [Server thread/INFO]: Random Lighting Updates: false
[17:42:51] [Server thread/INFO]: Structure Info Saving: true
[17:42:51] [Server thread/INFO]: Sending up to 10 chunks per packet
[17:42:51] [Server thread/INFO]: Max Entity Collisions: 8
[17:42:51] [Server thread/INFO]: Custom Map Seeds:  Village: 10387312 Feature: 14357617
[17:42:51] [Server thread/INFO]: Max TNT Explosions: 100
[17:42:51] [Server thread/INFO]: Tile Max Tick Time: 50ms Entity max Tick Time: 50ms
[17:42:51] [Server thread/INFO]: Item Despawn Rate: 6000
[17:42:51] [Server thread/INFO]: Item Merge Radius: 2.5
[17:42:51] [Server thread/INFO]: Arrow Despawn Rate: 1200
[17:42:51] [Server thread/INFO]: Allow Zombie Pigmen to spawn from portal blocks: true
[17:42:51] [Server thread/INFO]: View Distance: 4
[17:42:51] [Server thread/INFO]: Zombie Aggressive Towards Villager: true
[17:42:51] [Server thread/INFO]: Chunks to Grow per Tick: 650
[17:42:51] [Server thread/INFO]: Clear tick list: false
[17:42:51] [Server thread/INFO]: Experience Merge Radius: 3.0
[17:42:51] [Server thread/INFO]: -------- World Settings For [world] --------
[17:42:51] [Server thread/INFO]: Player blocking damage multiplier set to 0.5
[17:42:51] [Server thread/INFO]: Remove invalid mob spawner tile entities: true
[17:42:51] [Server thread/INFO]: Squids will spawn between Y: 45.0 and Y: 63.0
[17:42:51] [Server thread/INFO]: Max height for cactus growth 3. Max height for reed growth 3
[17:42:51] [Server thread/INFO]: Living Entity Despawn Ranges:  Soft: 32 Hard: 128
[17:42:51] [Server thread/INFO]: Water over lava flow speed: 5
[17:42:51] [Server thread/INFO]: Fix TNT cannons: false
[17:42:51] [Server thread/INFO]: Allow undead horse types to be leashed: false
[17:42:51] [Server thread/INFO]: Keep spawn chunk loaded: true
[17:42:51] [Server thread/INFO]: World async lighting: false
[17:42:51] [Server thread/INFO]: WorldServer TickNextTick cap set at 10000
[17:42:51] [Server thread/INFO]: WorldServer TickNextTickList cap always processes redstone: false
[17:42:51] [Server thread/INFO]: -------- World Settings For [world_nether] --------
[17:42:51] [Server thread/INFO]: Mob Spawn Range: 4
[17:42:51] [Server thread/INFO]: Anti X-Ray: true
[17:42:51] [Server thread/INFO]: 	Engine Mode: 1
[17:42:51] [Server thread/INFO]: 	Hidden Blocks: [14, 15, 16, 21, 48, 49, 54, 56, 73, 74, 82, 129, 130]
[17:42:51] [Server thread/INFO]: 	Replace Blocks: [1, 5]
[17:42:51] [Server thread/INFO]: Nerfing mobs spawned from spawners: false
[17:42:51] [Server thread/INFO]: Cactus Growth Modifier: 100%
[17:42:51] [Server thread/INFO]: Cane Growth Modifier: 100%
[17:42:51] [Server thread/INFO]: Melon Growth Modifier: 100%
[17:42:51] [Server thread/INFO]: Mushroom Growth Modifier: 100%
[17:42:51] [Server thread/INFO]: Pumpkin Growth Modifier: 100%
[17:42:51] [Server thread/INFO]: Sapling Growth Modifier: 100%
[17:42:51] [Server thread/INFO]: Wheat Growth Modifier: 100%
[17:42:51] [Server thread/INFO]: NetherWart Growth Modifier: 100%
[17:42:51] [Server thread/INFO]: Entity Activation Range: An 32 / Mo 32 / Mi 16
[17:42:51] [Server thread/INFO]: Entity Tracking Range: Pl 48 / An 48 / Mo 48 / Mi 32 / Other 64
[17:42:51] [Server thread/INFO]: Hopper Transfer: 8 Hopper Check: 8 Hopper Amount: 1
[17:42:51] [Server thread/INFO]: Random Lighting Updates: false
[17:42:51] [Server thread/INFO]: Structure Info Saving: true
[17:42:51] [Server thread/INFO]: Sending up to 10 chunks per packet
[17:42:51] [Server thread/INFO]: Max Entity Collisions: 8
[17:42:51] [Server thread/INFO]: Custom Map Seeds:  Village: 10387312 Feature: 14357617
[17:42:51] [Server thread/INFO]: Max TNT Explosions: 100
[17:42:51] [Server thread/INFO]: Tile Max Tick Time: 50ms Entity max Tick Time: 50ms
[17:42:51] [Server thread/INFO]: Item Despawn Rate: 6000
[17:42:51] [Server thread/INFO]: Item Merge Radius: 2.5
[17:42:51] [Server thread/INFO]: Arrow Despawn Rate: 1200
[17:42:51] [Server thread/INFO]: Allow Zombie Pigmen to spawn from portal blocks: true
[17:42:51] [Server thread/INFO]: View Distance: 4
[17:42:51] [Server thread/INFO]: Zombie Aggressive Towards Villager: true
[17:42:51] [Server thread/INFO]: Chunks to Grow per Tick: 650
[17:42:51] [Server thread/INFO]: Clear tick list: false
[17:42:51] [Server thread/INFO]: Experience Merge Radius: 3.0
[17:42:51] [Server thread/INFO]: -------- World Settings For [world_nether] --------
[17:42:51] [Server thread/INFO]: Player blocking damage multiplier set to 0.5
[17:42:51] [Server thread/INFO]: Remove invalid mob spawner tile entities: true
[17:42:51] [Server thread/INFO]: Squids will spawn between Y: 45.0 and Y: 63.0
[17:42:51] [Server thread/INFO]: Max height for cactus growth 3. Max height for reed growth 3
[17:42:51] [Server thread/INFO]: Living Entity Despawn Ranges:  Soft: 32 Hard: 128
[17:42:51] [Server thread/INFO]: Water over lava flow speed: 5
[17:42:51] [Server thread/INFO]: Fix TNT cannons: false
[17:42:51] [Server thread/INFO]: Allow undead horse types to be leashed: false
[17:42:51] [Server thread/INFO]: Keep spawn chunk loaded: true
[17:42:51] [Server thread/INFO]: World async lighting: false
[17:42:51] [Server thread/INFO]: WorldServer TickNextTick cap set at 10000
[17:42:51] [Server thread/INFO]: WorldServer TickNextTickList cap always processes redstone: false
[17:42:51] [Server thread/INFO]: -------- World Settings For [world_the_end] --------
[17:42:51] [Server thread/INFO]: Mob Spawn Range: 4
[17:42:51] [Server thread/INFO]: Anti X-Ray: true
[17:42:51] [Server thread/INFO]: 	Engine Mode: 1
[17:42:51] [Server thread/INFO]: 	Hidden Blocks: [14, 15, 16, 21, 48, 49, 54, 56, 73, 74, 82, 129, 130]
[17:42:51] [Server thread/INFO]: 	Replace Blocks: [1, 5]
[17:42:51] [Server thread/INFO]: Nerfing mobs spawned from spawners: false
[17:42:51] [Server thread/INFO]: Cactus Growth Modifier: 100%
[17:42:51] [Server thread/INFO]: Cane Growth Modifier: 100%
[17:42:51] [Server thread/INFO]: Melon Growth Modifier: 100%
[17:42:51] [Server thread/INFO]: Mushroom Growth Modifier: 100%
[17:42:51] [Server thread/INFO]: Pumpkin Growth Modifier: 100%
[17:42:51] [Server thread/INFO]: Sapling Growth Modifier: 100%
[17:42:51] [Server thread/INFO]: Wheat Growth Modifier: 100%
[17:42:51] [Server thread/INFO]: NetherWart Growth Modifier: 100%
[17:42:51] [Server thread/INFO]: Entity Activation Range: An 32 / Mo 32 / Mi 16
[17:42:51] [Server thread/INFO]: Entity Tracking Range: Pl 48 / An 48 / Mo 48 / Mi 32 / Other 64
[17:42:51] [Server thread/INFO]: Hopper Transfer: 8 Hopper Check: 8 Hopper Amount: 1
[17:42:51] [Server thread/INFO]: Random Lighting Updates: false
[17:42:51] [Server thread/INFO]: Structure Info Saving: true
[17:42:51] [Server thread/INFO]: Sending up to 10 chunks per packet
[17:42:51] [Server thread/INFO]: Max Entity Collisions: 8
[17:42:51] [Server thread/INFO]: Custom Map Seeds:  Village: 10387312 Feature: 14357617
[17:42:51] [Server thread/INFO]: Max TNT Explosions: 100
[17:42:51] [Server thread/INFO]: Tile Max Tick Time: 50ms Entity max Tick Time: 50ms
[17:42:51] [Server thread/INFO]: Item Despawn Rate: 6000
[17:42:51] [Server thread/INFO]: Item Merge Radius: 2.5
[17:42:51] [Server thread/INFO]: Arrow Despawn Rate: 1200
[17:42:51] [Server thread/INFO]: Allow Zombie Pigmen to spawn from portal blocks: true
[17:42:51] [Server thread/INFO]: View Distance: 4
[17:42:51] [Server thread/INFO]: Zombie Aggressive Towards Villager: true
[17:42:51] [Server thread/INFO]: Chunks to Grow per Tick: 650
[17:42:51] [Server thread/INFO]: Clear tick list: false
[17:42:51] [Server thread/INFO]: Experience Merge Radius: 3.0
[17:42:51] [Server thread/INFO]: -------- World Settings For [world_the_end] --------
[17:42:51] [Server thread/INFO]: Player blocking damage multiplier set to 0.5
[17:42:51] [Server thread/INFO]: Remove invalid mob spawner tile entities: true
[17:42:51] [Server thread/INFO]: Squids will spawn between Y: 45.0 and Y: 63.0
[17:42:51] [Server thread/INFO]: Max height for cactus growth 3. Max height for reed growth 3
[17:42:51] [Server thread/INFO]: Living Entity Despawn Ranges:  Soft: 32 Hard: 128
[17:42:51] [Server thread/INFO]: Water over lava flow speed: 5
[17:42:51] [Server thread/INFO]: Fix TNT cannons: false
[17:42:51] [Server thread/INFO]: Allow undead horse types to be leashed: false
[17:42:51] [Server thread/INFO]: Keep spawn chunk loaded: true
[17:42:51] [Server thread/INFO]: World async lighting: false
[17:42:51] [Server thread/INFO]: WorldServer TickNextTick cap set at 10000
[17:42:51] [Server thread/INFO]: WorldServer TickNextTickList cap always processes redstone: false
[17:42:51] [Server thread/INFO]: Preparing start region for level 0 (Seed: 6603076531557797851)
[17:42:52] [Server thread/INFO]: Preparing spawn area: 77%
[17:42:53] [Server thread/INFO]: Preparing start region for level 1 (Seed: 6603076531557797851)
[17:42:54] [Server thread/INFO]: Preparing start region for level 2 (Seed: 6603076531557797851)
[17:42:54] [Server thread/INFO]: [SimpleTpa] Enabling SimpleTpa v6.4
[17:42:54] [Server thread/INFO]: [0;33;1m[21m[SimpleTpa] If you need support contact me at https://discord.gg/SZUkza9[m

[17:42:54] [Server thread/INFO]: [0;33;1m[21m[SimpleTpa] Simple Tpa has been enabled on version 6.4[m

[17:42:54] [Server thread/INFO]: Enabled metrics. You may opt-out by changing plugins/bStats/config.yml
[17:42:54] [Server thread/INFO]: [SimpleHomes] Enabling SimpleHomes v2.2
[17:42:54] [Server thread/INFO]: [WorldEdit] Enabling WorldEdit v6.1;no_git_id
[17:42:54] [Server thread/INFO]: WEPIF: Using the Bukkit Permissions API.
[17:42:54] [Server thread/INFO]: [WorldEdit] Using com.sk89q.worldedit.bukkit.adapter.impl.Spigot_v1_8_R3 as the Bukkit adapter
[17:42:54] [Server thread/INFO]: [Random_Teleport] Enabling Random_Teleport v1.1
[17:42:54] [Server thread/INFO]: [LoginSecurity] Enabling LoginSecurity v3.2.0
[17:42:54] [Server thread/INFO]: [LoginSecurity] Loading base translations from "en_us"
[17:42:54] [Server thread/INFO]: [LoginSecurity] Loading specified translations from "en_us"
[17:42:54] [Server thread/INFO]: [LoginSecurity] Registering commands...
[17:42:54] [Server thread/INFO]: [LoginSecurity] Registering listeners...
[17:42:54] [Server thread/INFO]: [WorldGuard] Enabling WorldGuard v6.1.3-SNAPSHOT;c904242
[17:42:54] [Server thread/INFO]: [WorldGuard] (world) TNT ignition is blocked.
[17:42:54] [Server thread/INFO]: [WorldGuard] (world) Lighters are blocked.
[17:42:54] [Server thread/INFO]: [WorldGuard] (world) Lava fire is blocked.
[17:42:54] [Server thread/INFO]: [WorldGuard] (world) All fire spread is disabled.
[17:42:54] [Server thread/INFO]: [WorldGuard] Loaded configuration for world 'world'
[17:42:54] [Server thread/INFO]: [WorldGuard] (world_nether) TNT ignition is blocked.
[17:42:54] [Server thread/INFO]: [WorldGuard] (world_nether) Lighters are blocked.
[17:42:54] [Server thread/INFO]: [WorldGuard] (world_nether) Lava fire is blocked.
[17:42:54] [Server thread/INFO]: [WorldGuard] (world_nether) All fire spread is disabled.
[17:42:54] [Server thread/INFO]: [WorldGuard] Loaded configuration for world 'world_nether'
[17:42:54] [Server thread/INFO]: [WorldGuard] (world_the_end) TNT ignition is blocked.
[17:42:54] [Server thread/INFO]: [WorldGuard] (world_the_end) Lighters are blocked.
[17:42:54] [Server thread/INFO]: [WorldGuard] (world_the_end) Lava fire is blocked.
[17:42:54] [Server thread/INFO]: [WorldGuard] (world_the_end) All fire spread is disabled.
[17:42:54] [Server thread/INFO]: [WorldGuard] Loaded configuration for world 'world_the_end'
[17:42:54] [Server thread/INFO]: [WorldGuard] Loading region data...
[17:42:54] [Server thread/INFO]: Server permissions file permissions.yml is empty, ignoring it
[17:42:54] [Server thread/INFO]: Done (3.211s)! For help, type "help" or "?"
[17:42:54] [Server thread/INFO]: Timings Reset
[17:42:55] [Craft Scheduler Thread - 0/INFO]: [0;31;1m[21m[SimpleTpa] There is a new update available.[m

[17:42:55] [Craft Scheduler Thread - 0/INFO]: [0;31;1m[SimpleTpa] There is a new update available:[m

[17:42:55] [Craft Scheduler Thread - 0/INFO]: [0;31;1m[SimpleTpa] https://www.spigotmc.org/resources/simple-tpa.64270/[m

[17:44:32] [Thread-8/INFO]: UUID of player rip_my_drone is 82cb4512-56bb-3d5f-84c6-394f68b640aa
[17:44:32] [Server thread/INFO]: rip_my_drone[/[0:0:0:0:0:0:0:1]:43500] logged in with entity id 649 at ([world]-242.13842443561762, 64.18240388527734, 279.5212672792049)
[17:46:41] [Server thread/INFO]: rip_my_drone issued server command: /clear
[17:46:41] [Server thread/INFO]: [rip_my_drone: Cleared the inventory of rip_my_drone, removing 13 items]
[17:48:01] [Server thread/INFO]: rip_my_drone lost connection: Disconnected
[17:48:01] [Server thread/INFO]: rip_my_drone left the game.
[17:55:13] [Server thread/INFO]: [Server] dingling
[17:55:39] [Thread-10/INFO]: UUID of player _PresidentDC_ is 31d186ed-f6f2-3eea-933e-59d959cdccdf
[17:55:39] [Server thread/INFO]: _PresidentDC_[/[0:0:0:0:0:0:0:1]:33544] logged in with entity id 2357 at ([world]-244.5, 67.0, 304.5)
[17:56:14] [Server thread/INFO]: _PresidentDC_ has just earned the achievement [Taking Inventory]
[17:57:45] [Server thread/INFO]: _PresidentDC_ issued server command: /kill @e
[17:57:55] [Server thread/INFO]: Killed Pig
[17:57:55] [Server thread/INFO]: Killed Skeleton
[17:57:55] [Server thread/INFO]: Killed Pig
[17:57:55] [Server thread/INFO]: Killed Creeper
[17:57:55] [Server thread/INFO]: Killed Sheep
[17:57:55] [Server thread/INFO]: Killed Zombie
[17:57:55] [Server thread/INFO]: Killed Creeper
[17:57:55] [Server thread/INFO]: Killed Skeleton
[17:57:55] [Server thread/INFO]: Killed Chicken
[17:57:55] [Server thread/INFO]: Killed item.item.egg
[17:57:55] [Server thread/INFO]: Killed Skeleton
[17:57:55] [Server thread/INFO]: Killed Zombie
[17:57:55] [Server thread/INFO]: Killed Zombie
[17:57:55] [Server thread/INFO]: Killed Zombie
[17:57:55] [Server thread/INFO]: Killed Zombie
[17:57:55] [Server thread/INFO]: Killed Creeper
[17:57:55] [Server thread/INFO]: Killed Skeleton
[17:57:55] [Server thread/INFO]: Killed item.item.bone
[17:57:55] [Server thread/INFO]: Killed WIENER
[17:57:55] [Server thread/INFO]: Killed Zombie
[17:57:55] [Server thread/INFO]: Killed item.item.rottenFlesh
[17:57:55] [Server thread/INFO]: Killed Creeper
[17:57:55] [Server thread/INFO]: Killed Creeper
[17:57:55] [Server thread/INFO]: Killed Zombie
[17:57:55] [Server thread/INFO]: Killed WIENER
[17:57:55] [Server thread/INFO]: Killed item.item.rottenFlesh
[17:57:55] [Server thread/INFO]: Killed item.item.rottenFlesh
[17:57:55] [Server thread/INFO]: Killed item.item.rottenFlesh
[17:57:55] [Server thread/INFO]: Killed item.item.rottenFlesh
[17:57:55] [Server thread/INFO]: Killed Zombie
[17:57:55] [Server thread/INFO]: Killed Spider
[17:57:55] [Server thread/INFO]: Killed Rabbit
[17:57:55] [Server thread/INFO]: Killed Chicken
[17:57:55] [Server thread/INFO]: Killed Zombie
[17:57:55] [Server thread/INFO]: _PresidentDC_ fell out of the world
[17:57:55] [Server thread/INFO]: Killed _PresidentDC_
[17:57:55] [Server thread/INFO]: Killed BUTT WHOLE
[17:57:55] [Server thread/INFO]: Killed BUTT WHOLE
[17:57:55] [Server thread/INFO]: Killed BUTT WHOLE
[17:57:55] [Server thread/INFO]: Killed BUTT WHOLE
[17:57:55] [Server thread/INFO]: Killed Chicken
[17:57:55] [Server thread/INFO]: Killed BUTT WHOLE
[17:57:55] [Server thread/INFO]: Killed BUTT WHOLE
[17:57:55] [Server thread/INFO]: Killed BUTT WHOLE
[17:57:55] [Server thread/INFO]: Killed Sheep
[17:57:55] [Server thread/INFO]: Killed WIENER
[17:57:55] [Server thread/INFO]: Killed item.item.rottenFlesh
[17:57:55] [Server thread/INFO]: Killed item.item.rottenFlesh
[17:57:55] [Server thread/INFO]: Killed Sheep
[17:57:55] [Server thread/INFO]: Killed Pig
[17:57:55] [Server thread/INFO]: Killed Zombie
[17:57:55] [Server thread/INFO]: Killed Skeleton
[17:57:55] [Server thread/INFO]: Killed Skeleton
[17:57:55] [Server thread/INFO]: Killed Creeper
[17:57:55] [Server thread/INFO]: Killed Zombie
[17:57:55] [Server thread/INFO]: Killed Cow
[17:57:55] [Server thread/INFO]: Killed Witch
[17:57:55] [Server thread/INFO]: Killed item.item.rottenFlesh
[17:57:55] [Server thread/INFO]: Killed Skeleton
[17:57:55] [Server thread/INFO]: Killed WIENER
[17:57:55] [Server thread/INFO]: Killed Spider
[17:57:55] [Server thread/INFO]: Killed Skeleton
[17:57:55] [Server thread/INFO]: Killed item.item.rottenFlesh
[17:57:55] [Server thread/INFO]: Killed Creeper
[17:57:55] [Server thread/INFO]: Killed Chicken
[17:57:55] [Server thread/INFO]: Killed item.item.rottenFlesh
[17:57:55] [Server thread/INFO]: Killed Joe Biden
[17:57:55] [Server thread/INFO]: Killed Creeper
[17:57:55] [Server thread/INFO]: Killed Creeper
[17:57:55] [Server thread/INFO]: Killed Pig
[17:57:55] [Server thread/INFO]: Killed Creeper
[17:57:55] [Server thread/INFO]: Killed Donkey
[17:57:55] [Server thread/INFO]: Killed Creeper
[17:57:55] [Server thread/INFO]: Killed Chicken
[17:57:55] [Server thread/INFO]: Killed Rabbit
[17:57:55] [Server thread/INFO]: Killed WIENER
[17:57:55] [Server thread/INFO]: Killed Rabbit
[17:57:55] [Server thread/INFO]: Killed item.item.rottenFlesh
[17:57:55] [Server thread/INFO]: Killed item.item.rottenFlesh
[17:57:55] [Server thread/INFO]: Killed Creeper
[17:57:55] [Server thread/INFO]: Killed Horse
[17:57:55] [Server thread/INFO]: Killed Zombie
[17:57:55] [Server thread/INFO]: Killed Skeleton
[17:57:55] [Server thread/INFO]: Killed item.item.rottenFlesh
[17:57:55] [Server thread/INFO]: Killed item.item.bone
[17:57:55] [Server thread/INFO]: Killed item.item.rottenFlesh
[17:57:55] [Server thread/INFO]: Killed Zombie
[17:57:55] [Server thread/INFO]: Killed Creeper
[17:57:55] [Server thread/INFO]: Killed Chicken
[17:57:55] [Server thread/INFO]: Killed Sheep
[17:57:55] [Server thread/INFO]: Killed Creeper
[17:57:55] [Server thread/INFO]: Killed Skeleton
[17:57:55] [Server thread/INFO]: Killed Skeleton
[17:57:55] [Server thread/INFO]: Killed Cow
[17:57:55] [Server thread/INFO]: Killed Creeper
[17:57:55] [Server thread/INFO]: Killed Creeper
[17:57:55] [Server thread/INFO]: Killed Skeleton
[17:57:55] [Server thread/INFO]: Killed Pig
[17:57:55] [Server thread/INFO]: Killed Cow
[17:57:55] [Server thread/INFO]: Killed Skeleton
[17:57:55] [Server thread/INFO]: Killed Creeper
[17:57:55] [Server thread/INFO]: Killed Zombie
[17:57:55] [Server thread/INFO]: Killed Spider
[17:57:55] [Server thread/INFO]: Killed Enderman
[17:57:55] [Server thread/INFO]: Killed Sheep
[17:57:55] [Server thread/INFO]: Killed Sheep
[17:57:55] [Server thread/INFO]: Killed Rabbit
[17:57:55] [Server thread/INFO]: Killed Sheep
[17:57:55] [Server thread/INFO]: Killed Rabbit
[17:58:39] [Thread-11/INFO]: UUID of player Silly_String is 01da5946-57e8-3779-8921-d8de8e1af47b
[17:58:39] [Server thread/INFO]: Silly_String[/[0:0:0:0:0:0:0:1]:49316] logged in with entity id 4085 at ([world]-241.16956915981584, 67.68873620726946, 275.39037591034077)
[17:58:45] [Async Chat Thread - #0/INFO]: <_PresidentDC_> HELP[m

[17:58:46] [Thread-12/INFO]: UUID of player Gaige_c is c021df60-81de-3f00-9b66-51979bd0f5d7
[17:58:46] [Server thread/INFO]: Gaige_c[/[0:0:0:0:0:0:0:1]:50246] logged in with entity id 4255 at ([world]-241.57387457690277, 64.0, 284.4057513952789)
[17:58:49] [Async Chat Thread - #0/INFO]: <_PresidentDC_> HELP[m

[17:59:01] [Server thread/INFO]: Silly_String lost connection: Disconnected
[17:59:01] [Server thread/INFO]: Silly_String left the game.
[17:59:22] [Server thread/INFO]: Gaige_c issued server command: /tp _PresidentDC_
[17:59:22] [Server thread/INFO]: [Gaige_c: Teleported Gaige_c to _PresidentDC_]
[17:59:30] [Thread-13/INFO]: UUID of player Micheal_Jackson is 0ea505dc-8e65-3246-9608-bd6edb0aacbf
[17:59:30] [Server thread/INFO]: Micheal_Jackson[/[0:0:0:0:0:0:0:1]:40964] logged in with entity id 4571 at ([world]-292.30000001192093, 49.99104713212458, 336.4023130989771)
[17:59:38] [Async Chat Thread - #0/INFO]: <_PresidentDC_> Hi liam[m

[17:59:40] [Async Chat Thread - #0/INFO]: <_PresidentDC_> HELP ME[m

[17:59:44] [Async Chat Thread - #0/INFO]: <_PresidentDC_> AHHHHHHH[m

[17:59:50] [Async Chat Thread - #0/INFO]: <Micheal_Jackson> im good dylan[m

[18:00:11] [Thread-14/INFO]: UUID of player rip_my_drone is 82cb4512-56bb-3d5f-84c6-394f68b640aa
[18:00:11] [Server thread/INFO]: rip_my_drone[/[0:0:0:0:0:0:0:1]:59462] logged in with entity id 4762 at ([world]-266.97549137579165, 67.35757545607477, 298.5574989300076)
[18:00:15] [Async Chat Thread - #0/INFO]: <Micheal_Jackson> mo ome[m

[18:00:19] [Async Chat Thread - #0/INFO]: <Micheal_Jackson> no one[m

[18:00:21] [Server thread/INFO]: [Server] no
[18:00:22] [Async Chat Thread - #0/INFO]: <_PresidentDC_> HELP ME[m

[18:00:23] [Server thread/INFO]: Gaige_c issued server command: /tpahere _PresidentDC_
[18:00:27] [Server thread/INFO]: _PresidentDC_ issued server command: /tpaccept
[18:00:30] [Async Chat Thread - #0/INFO]: <Micheal_Jackson> better touch my track[m

[18:00:40] [Async Chat Thread - #0/INFO]: <Micheal_Jackson> dylan[m

[18:00:48] [Server thread/INFO]: Gaige_c issued server command: /tpahere _PresidentDC_
[18:00:50] [Async Chat Thread - #0/INFO]: <Micheal_Jackson> why u blow up my house[m

[18:00:54] [Async Chat Thread - #0/INFO]: <_PresidentDC_> I am goign in the white house[m

[18:00:56] [Async Chat Thread - #0/INFO]: <rip_my_drone> Micheal_Jackson, tp to me[m

[18:01:06] [Async Chat Thread - #0/INFO]: <Micheal_Jackson> yo help[m

[18:01:13] [Thread-15/INFO]: UUID of player y_millan is bb5b74c9-6191-376c-bace-e2b30f220c2e
[18:01:13] [Async Chat Thread - #0/INFO]: <Micheal_Jackson> dylan blew up my house again[m

[18:01:13] [Server thread/INFO]: y_millan[/[0:0:0:0:0:0:0:1]:39590] logged in with entity id 4995 at ([world]-241.28670069869085, 64.0, 279.5190793475333)
[18:01:16] [Async Chat Thread - #0/INFO]: <rip_my_drone> wait sign this first[m

[18:01:20] [Server thread/INFO]: Gaige_c lost connection: Disconnected
[18:01:20] [Server thread/INFO]: Gaige_c left the game.
[18:01:33] [Async Chat Thread - #0/INFO]: <rip_my_drone> then give it back[m

[18:01:58] [Thread-16/INFO]: UUID of player Gaige_c is c021df60-81de-3f00-9b66-51979bd0f5d7
[18:01:58] [Server thread/INFO]: Gaige_c[/[0:0:0:0:0:0:0:1]:56164] logged in with entity id 5546 at ([world]-225.5322291322445, 82.98750020469303, 273.3047039494322)
[18:02:06] [Server thread/INFO]: rip_my_drone issued server command: //set diamond_block
[18:02:08] [Server thread/INFO]: y_millan lost connection: Disconnected
[18:02:08] [Server thread/INFO]: y_millan left the game.
[18:02:10] [Server thread/INFO]: rip_my_drone issued server command: //undo
[18:02:16] [Async Chat Thread - #0/INFO]: <Micheal_Jackson> there[m

[18:02:18] [Async Chat Thread - #0/INFO]: <Micheal_Jackson> wait[m

[18:02:22] [Async Chat Thread - #0/INFO]: <_PresidentDC_> HELP ME[m

[18:02:27] [Async Chat Thread - #0/INFO]: <Micheal_Jackson> can u help me rebuild my house[m

[18:02:33] [Async Chat Thread - #0/INFO]: <rip_my_drone> sure[m

[18:02:34] [Async Chat Thread - #0/INFO]: <Micheal_Jackson> dylan blew it up again[m

[18:02:38] [Async Chat Thread - #0/INFO]: <_PresidentDC_> I am in White House[m

[18:02:38] [Thread-17/INFO]: UUID of player y_millan is bb5b74c9-6191-376c-bace-e2b30f220c2e
[18:02:38] [Server thread/INFO]: y_millan[/[0:0:0:0:0:0:0:1]:43904] logged in with entity id 5710 at ([world]-310.98363222382335, 70.5, 248.86852107664097)
[18:02:40] [Server thread/INFO]: y_millan lost connection: Disconnected
[18:02:40] [Server thread/INFO]: y_millan left the game.
[18:02:41] [Async Chat Thread - #0/INFO]: <_PresidentDC_> AND I DIDNT[m

[18:02:44] [Thread-18/INFO]: UUID of player y_millan is bb5b74c9-6191-376c-bace-e2b30f220c2e
[18:02:44] [Server thread/INFO]: y_millan[/[0:0:0:0:0:0:0:1]:60614] logged in with entity id 5732 at ([world]-310.98363222382335, 70.5, 248.86852107664097)
[18:02:45] [Async Chat Thread - #0/INFO]: <_PresidentDC_> SOMEONE DID[m

[18:02:51] [Server thread/INFO]: rip_my_drone issued server command: /ban _PresidentDC_
[18:02:51] [Server thread/INFO]: _PresidentDC_ lost connection: You are banned from this server.
[18:02:51] [Server thread/INFO]: _PresidentDC_ left the game.
[18:02:51] [Server thread/INFO]: [rip_my_drone: Banned player _PresidentDC_]
[18:02:51] [Server thread/WARN]: handleDisconnection() called twice
[18:02:58] [Server thread/INFO]: y_millan issued server command: /pardon _PresidentDC_
[18:02:58] [Server thread/INFO]: [y_millan: Unbanned player _PresidentDC_]
[18:03:01] [Thread-19/INFO]: UUID of player _PresidentDC_ is 31d186ed-f6f2-3eea-933e-59d959cdccdf
[18:03:01] [Server thread/INFO]: _PresidentDC_[/[0:0:0:0:0:0:0:1]:49418] logged in with entity id 5884 at ([world]-304.4738315916768, 65.0, 239.05015674342502)
[18:03:07] [Server thread/INFO]: Micheal_Jackson issued server command: /kick _PresidentDC_
[18:03:07] [Server thread/INFO]: _PresidentDC_ lost connection: Kicked by an operator.
[18:03:07] [Server thread/INFO]: _PresidentDC_ left the game.
[18:03:07] [Server thread/INFO]: [Micheal_Jackson: Kicked _PresidentDC_ from the game]
[18:03:07] [Server thread/WARN]: handleDisconnection() called twice
[18:03:08] [Async Chat Thread - #0/INFO]: <y_millan> dont jake[m

[18:03:10] [Thread-20/INFO]: UUID of player _PresidentDC_ is 31d186ed-f6f2-3eea-933e-59d959cdccdf
[18:03:10] [Server thread/INFO]: _PresidentDC_[/[0:0:0:0:0:0:0:1]:42916] logged in with entity id 5972 at ([world]-304.4738315916768, 65.0, 239.05015674342502)
[18:03:13] [Async Chat Thread - #0/INFO]: <y_millan> and liam[m

[18:03:16] [Async Chat Thread - #0/INFO]: <Micheal_Jackson> ye[m

[18:03:22] [Server thread/INFO]: rip_my_drone issued server command: //set grass
[18:03:23] [Server thread/INFO]: _PresidentDC_ was shot by y_millan
[18:03:34] [Async Chat Thread - #0/INFO]: <Micheal_Jackson> thx man[m

[18:03:58] [Server thread/INFO]: _PresidentDC_ was shot by y_millan
[18:04:04] [Server thread/INFO]: Gaige_c issued server command: /gamemode s
[18:04:04] [Server thread/INFO]: [Gaige_c: Set own game mode to Survival Mode]
[18:04:19] [Server thread/INFO]: rip_my_drone issued server command: /clear
[18:04:19] [Server thread/INFO]: [rip_my_drone: Cleared the inventory of rip_my_drone, removing 6 items]
[18:04:41] [Server thread/INFO]: Gaige_c issued server command: /gamemode c
[18:04:41] [Server thread/INFO]: [Gaige_c: Set own game mode to Creative Mode]
[18:05:09] [Server thread/INFO]: _PresidentDC_ was shot by y_millan
[18:05:38] [Server thread/INFO]: _PresidentDC_ was shot by y_millan
[18:06:08] [Server thread/INFO]: _PresidentDC_ was slain by rip_my_drone
[18:06:19] [Async Chat Thread - #1/INFO]: <Micheal_Jackson> w[m

[18:06:19] [Server thread/INFO]: Gaige_c issued server command: /kill rip_my_drone
[18:06:19] [Server thread/INFO]: rip_my_drone fell out of the world
[18:06:19] [Server thread/INFO]: [Gaige_c: Killed rip_my_drone]
[18:06:22] [Server thread/INFO]: y_millan issued server command: /kick rip_my_drone no bro...
[18:06:22] [Server thread/INFO]: rip_my_drone lost connection: no bro...
[18:06:22] [Server thread/INFO]: rip_my_drone left the game.
[18:06:22] [Server thread/INFO]: [y_millan: Kicked rip_my_drone from the game: 'no bro...']
[18:06:22] [Server thread/WARN]: handleDisconnection() called twice
[18:06:25] [Thread-21/INFO]: UUID of player rip_my_drone is 82cb4512-56bb-3d5f-84c6-394f68b640aa
[18:06:25] [Server thread/INFO]: rip_my_drone[/[0:0:0:0:0:0:0:1]:34666] logged in with entity id 8726 at ([world]-294.54010971717884, 64.0, 240.49394461396037)
[18:06:28] [Server thread/INFO]: Micheal_Jackson issued server command: /tp y_millan
[18:06:28] [Server thread/INFO]: [Micheal_Jackson: Teleported Micheal_Jackson to y_millan]
[18:06:30] [Server thread/INFO]: y_millan issued server command: /gamemode s
[18:06:30] [Server thread/INFO]: [y_millan: Set own game mode to Survival Mode]
[18:06:32] [Async Chat Thread - #1/INFO]: <Micheal_Jackson> whats this[m

[18:06:39] [Async Chat Thread - #1/INFO]: <_PresidentDC_> My home[m

[18:06:40] [Async Chat Thread - #1/INFO]: <Micheal_Jackson> well well well[m

[18:06:42] [Server thread/INFO]: rip_my_drone issued server command: /tp y_millan
[18:06:42] [Server thread/INFO]: [rip_my_drone: Teleported rip_my_drone to y_millan]
[18:06:43] [Async Chat Thread - #1/INFO]: <_PresidentDC_> Wsp[m

[18:06:49] [Async Chat Thread - #1/INFO]: <Micheal_Jackson> the person who blew up my house[m

[18:06:51] [Async Chat Thread - #1/INFO]: <_PresidentDC_> I am President DC[m

[18:06:53] [Server thread/INFO]: y_millan issued server command: /gamemode s rip_my_drone
[18:06:53] [Server thread/INFO]: [y_millan: Set rip_my_drone's game mode to Survival Mode]
[18:06:54] [Server thread/INFO]: rip_my_drone was slain by y_millan
[18:06:55] [Async Chat Thread - #1/INFO]: <_PresidentDC_> IT WASNT ME[m

[18:06:56] [Server thread/INFO]: _PresidentDC_ was slain by y_millan
[18:06:58] [Server thread/INFO]: rip_my_drone issued server command: /gamemode c
[18:06:58] [Server thread/INFO]: [rip_my_drone: Set own game mode to Creative Mode]
[18:07:01] [Async Chat Thread - #1/INFO]: <Micheal_Jackson> thx yahir[m

[18:07:02] [Server thread/INFO]: y_millan issued server command: /gamemode s Micheal_Jackson
[18:07:02] [Server thread/INFO]: [y_millan: Set Micheal_Jackson's game mode to Survival Mode]
[18:07:03] [Async Chat Thread - #1/INFO]: <rip_my_drone> read the book yahir[m

[18:07:06] [Async Chat Thread - #1/INFO]: <Micheal_Jackson> wsg gaige[m

[18:07:08] [Server thread/INFO]: y_millan issued server command: /gamemode s Gaige_c
[18:07:08] [Server thread/INFO]: [y_millan: Set Gaige_c's game mode to Survival Mode]
[18:07:08] [Server thread/INFO]: Gaige_c was slain by y_millan
[18:07:10] [Server thread/INFO]: _PresidentDC_ was slain by rip_my_drone
[18:07:10] [Server thread/INFO]: Micheal_Jackson was slain by y_millan
[18:07:15] [Server thread/INFO]: Gaige_c issued server command: /back
[18:07:18] [Async Chat Thread - #1/INFO]: <Micheal_Jackson> gaige[m

[18:07:21] [Server thread/INFO]: Gaige_c was slain by y_millan
[18:07:22] [Async Chat Thread - #1/INFO]: <Micheal_Jackson> tp to me[m

[18:07:30] [Server thread/INFO]: y_millan issued server command: /gamemode s Rq
[18:07:30] [Server thread/INFO]: [y_millan: That player cannot be found]
[18:07:31] [Async Chat Thread - #1/INFO]: <rip_my_drone> yahir[m

[18:07:33] [Server thread/INFO]: y_millan issued server command: /gamemode s rip_my_drone
[18:07:33] [Server thread/INFO]: [y_millan: Set rip_my_drone's game mode to Survival Mode]
[18:07:33] [Server thread/INFO]: rip_my_drone was slain by y_millan
[18:07:35] [Server thread/INFO]: _PresidentDC_ was slain by y_millan
[18:07:38] [Thread-22/INFO]: UUID of player HelldiverD12 is 6c131084-e502-3b2a-9d20-df5202c5619d
[18:07:38] [Server thread/INFO]: HelldiverD12[/[0:0:0:0:0:0:0:1]:40940] logged in with entity id 8919 at ([world]-261.30000001192093, 40.0332865174053, 391.69999998807907)
[18:07:43] [Server thread/INFO]: rip_my_drone issued server command: /gamemode c
[18:07:43] [Server thread/INFO]: [rip_my_drone: Set own game mode to Creative Mode]
[18:07:43] [Server thread/INFO]: Gaige_c issued server command: /gamemode c
[18:07:43] [Server thread/INFO]: [Gaige_c: Set own game mode to Creative Mode]
[18:07:44] [Server thread/INFO]: Micheal_Jackson issued server command: /gamemode c
[18:07:44] [Server thread/INFO]: [Micheal_Jackson: Set own game mode to Creative Mode]
[18:07:44] [Server thread/INFO]: y_millan issued server command: /gamemode s rip_my_drone
[18:07:44] [Server thread/INFO]: [y_millan: Set rip_my_drone's game mode to Survival Mode]
[18:07:48] [Async Chat Thread - #1/INFO]: <Micheal_Jackson> gaige[m

[18:07:49] [Server thread/INFO]: rip_my_drone issued server command: /gamemode c
[18:07:49] [Server thread/INFO]: [rip_my_drone: Set own game mode to Creative Mode]
[18:08:02] [Async Chat Thread - #1/INFO]: <rip_my_drone> YAHIR[m

[18:08:03] [Async Chat Thread - #1/INFO]: <Micheal_Jackson> hey[m

[18:08:11] [Server thread/INFO]: y_millan issued server command: /gamemode s rip_my_drone
[18:08:11] [Server thread/INFO]: [y_millan: Set rip_my_drone's game mode to Survival Mode]
[18:08:11] [Async Chat Thread - #1/INFO]: <Micheal_Jackson> gaige[m

[18:08:12] [Server thread/INFO]: rip_my_drone was slain by y_millan
[18:08:26] [Server thread/INFO]: y_millan issued server command: /gamemode c
[18:08:26] [Server thread/INFO]: [y_millan: Set own game mode to Creative Mode]
[18:08:28] [Server thread/INFO]: Micheal_Jackson issued server command: /gamemode s Gaige_c
[18:08:28] [Server thread/INFO]: [Micheal_Jackson: Set Gaige_c's game mode to Survival Mode]
[18:08:32] [Async Chat Thread - #1/INFO]: <Micheal_Jackson> gaiige[m

[18:08:33] [Async Chat Thread - #1/INFO]: <rip_my_drone> YAHIR[m

[18:08:37] [Async Chat Thread - #1/INFO]: <_PresidentDC_> HAHAHHA[m

[18:08:40] [Server thread/INFO]: Gaige_c was shot by y_millan
[18:08:55] [Server thread/INFO]: Micheal_Jackson issued server command: /gamemode c Gaige_c
[18:08:55] [Server thread/INFO]: [Micheal_Jackson: Set Gaige_c's game mode to Creative Mode]
[18:08:56] [Async Chat Thread - #1/INFO]: <HelldiverD12> the white house[m

[18:08:56] [Server thread/INFO]: rip_my_drone issued server command: /kick _PresidentDC_ lil bro
[18:08:56] [Server thread/INFO]: _PresidentDC_ lost connection: lil bro
[18:08:56] [Server thread/INFO]: _PresidentDC_ left the game.
[18:08:56] [Server thread/INFO]: [rip_my_drone: Kicked _PresidentDC_ from the game: 'lil bro']
[18:08:56] [Server thread/WARN]: handleDisconnection() called twice
[18:08:57] [Server thread/INFO]: y_millan issued server command: /gamemode s HelldiverD12
[18:08:57] [Server thread/INFO]: [y_millan: Set HelldiverD12's game mode to Survival Mode]
[18:08:58] [Server thread/INFO]: Gaige_c issued server command: /gamemode c
[18:08:58] [Server thread/INFO]: [Gaige_c: Set own game mode to Creative Mode]
[18:08:58] [Server thread/INFO]: HelldiverD12 was shot by y_millan
[18:09:00] [Thread-23/INFO]: UUID of player _PresidentDC_ is 31d186ed-f6f2-3eea-933e-59d959cdccdf
[18:09:00] [Server thread/INFO]: _PresidentDC_[/[0:0:0:0:0:0:0:1]:40826] logged in with entity id 9587 at ([world]-304.674590495323, 65.0, 240.2780995046565)
[18:09:02] [Async Chat Thread - #1/INFO]: <Micheal_Jackson> GAIGE COLE[m

[18:09:04] [Server thread/INFO]: y_millan issued server command: /gamemode s Mi
[18:09:04] [Server thread/INFO]: [y_millan: That player cannot be found]
[18:09:06] [Server thread/INFO]: y_millan issued server command: /gamemode s Mi
[18:09:06] [Server thread/INFO]: [y_millan: That player cannot be found]
[18:09:11] [Server thread/INFO]: y_millan issued server command: /gamemode s Micheal_Jackson
[18:09:11] [Server thread/INFO]: [y_millan: Set Micheal_Jackson's game mode to Survival Mode]
[18:09:13] [Async Chat Thread - #1/INFO]: <rip_my_drone> yahir, read the book I gave you[m

[18:09:18] [Server thread/INFO]: HelldiverD12 issued server command: /gamemode c
[18:09:18] [Server thread/INFO]: [HelldiverD12: Set own game mode to Creative Mode]
[18:09:24] [Async Chat Thread - #1/INFO]: <y_millan> sorry about the rampage[m

[18:09:25] [Server thread/INFO]: Micheal_Jackson issued server command: /gamemode c Micheal_Jackson
[18:09:25] [Server thread/INFO]: [Micheal_Jackson: Set own game mode to Creative Mode]
[18:09:28] [Async Chat Thread - #1/INFO]: <_PresidentDC_> Brb[m

[18:09:28] [Async Chat Thread - #1/INFO]: <y_millan> just testing hacks[m

[18:09:29] [Server thread/INFO]: rip_my_drone issued server command: /gamemode c
[18:09:29] [Server thread/INFO]: [rip_my_drone: Set own game mode to Creative Mode]
[18:09:30] [Async Chat Thread - #1/INFO]: <Micheal_Jackson> ay[m

[18:09:37] [Async Chat Thread - #1/INFO]: <_PresidentDC_> Can i pls have creative mode[m

[18:09:38] [Async Chat Thread - #1/INFO]: <_PresidentDC_> PLs[m

[18:09:39] [Server thread/INFO]: _PresidentDC_ issued server command: /
[18:09:48] [Server thread/INFO]: Micheal_Jackson issued server command: /kick _PresidentDC_
[18:09:48] [Server thread/INFO]: _PresidentDC_ lost connection: Kicked by an operator.
[18:09:48] [Server thread/INFO]: _PresidentDC_ left the game.
[18:09:48] [Server thread/INFO]: [Micheal_Jackson: Kicked _PresidentDC_ from the game]
[18:09:48] [Server thread/WARN]: handleDisconnection() called twice
[18:09:52] [Async Chat Thread - #1/INFO]: <Micheal_Jackson> come[m

[18:09:53] [Async Chat Thread - #1/INFO]: <rip_my_drone> when your done give it back[m

[18:09:56] [Thread-24/INFO]: UUID of player _PresidentDC_ is 31d186ed-f6f2-3eea-933e-59d959cdccdf
[18:09:56] [Server thread/INFO]: _PresidentDC_[/[0:0:0:0:0:0:0:1]:42116] logged in with entity id 9828 at ([world]-303.30000001192093, 65.0, 240.79908622950646)
[18:10:00] [Async Chat Thread - #1/INFO]: <Micheal_Jackson> we gota build ur half of the house[m

[18:10:12] [Async Chat Thread - #1/INFO]: <Gaige_c> stop abusing your power liam[m

[18:10:13] [Async Chat Thread - #1/INFO]: <_PresidentDC_> Liam bro[m

[18:10:13] [Async Chat Thread - #1/INFO]: <HelldiverD12> who's the president[m

[18:10:20] [Async Chat Thread - #1/INFO]: <rip_my_drone> Dylan[m

[18:10:20] [Async Chat Thread - #1/INFO]: <Micheal_Jackson> alr[m

[18:10:21] [Async Chat Thread - #1/INFO]: <_PresidentDC_> Dyaln C[m

[18:10:26] [Async Chat Thread - #1/INFO]: <y_millan> thats very detailed[m

[18:10:32] [Async Chat Thread - #1/INFO]: <Micheal_Jackson> gaige[m

[18:10:32] [Async Chat Thread - #1/INFO]: <HelldiverD12> im stuck[m

[18:10:33] [Async Chat Thread - #1/INFO]: <rip_my_drone> Do you like it?[m

[18:10:34] [Async Chat Thread - #1/INFO]: <Micheal_Jackson> follow[m

[18:10:35] [Async Chat Thread - #1/INFO]: <y_millan> this should be the rights of the server[m

[18:10:42] [Async Chat Thread - #1/INFO]: <rip_my_drone> cool[m

[18:10:43] [Server thread/INFO]: y_millan issued server command: /gamemode s Gaige_c
[18:10:43] [Server thread/INFO]: [y_millan: Set Gaige_c's game mode to Survival Mode]
[18:10:50] [Server thread/INFO]: Gaige_c was shot by y_millan
[18:10:59] [Server thread/INFO]: y_millan issued server command: /gamemode s Micheal_Jackson
[18:10:59] [Server thread/INFO]: [y_millan: Set Micheal_Jackson's game mode to Survival Mode]
[18:11:01] [Server thread/INFO]: rip_my_drone issued server command: //set grass_block
[18:11:05] [Server thread/INFO]: Micheal_Jackson was shot by y_millan
[18:11:06] [Server thread/INFO]: rip_my_drone issued server command: //set grass
[18:11:12] [Async Chat Thread - #1/INFO]: <Micheal_Jackson> yahir[m

[18:11:14] [Async Chat Thread - #1/INFO]: <HelldiverD12> whats the prison[m

[18:11:19] [Async Chat Thread - #1/INFO]: <Micheal_Jackson> quit abusing[m

[18:11:22] [Async Chat Thread - #1/INFO]: <y_millan> me?[m

[18:11:22] [Async Chat Thread - #1/INFO]: <_PresidentDC_> Huh[m

[18:11:23] [Async Chat Thread - #1/INFO]: <y_millan> no[m

[18:11:24] [Server thread/INFO]: Gaige_c issued server command: /up 100
[18:11:25] [Async Chat Thread - #1/INFO]: <y_millan> uh[m

[18:11:27] [Async Chat Thread - #1/INFO]: <y_millan> no..[m

[18:11:28] [Server thread/WARN]: Gaige_c moved wrongly!
[18:11:29] [Async Chat Thread - #1/INFO]: <y_millan> i dont think[m

[18:11:30] [Server thread/WARN]: Gaige_c moved wrongly!
[18:11:32] [Async Chat Thread - #1/INFO]: <HelldiverD12> or castel[m

[18:11:34] [Server thread/WARN]: Gaige_c moved wrongly!
[18:11:34] [Server thread/WARN]: Gaige_c moved wrongly!
[18:11:36] [Server thread/INFO]: y_millan issued server command: /tp Gaige
[18:11:36] [Server thread/INFO]: [y_millan: The entity UUID provided is in an invalid format]
[18:11:37] [Server thread/INFO]: Micheal_Jackson issued server command: /gamemode c
[18:11:37] [Server thread/INFO]: [Micheal_Jackson: Set own game mode to Creative Mode]
[18:11:41] [Server thread/INFO]: y_millan issued server command: /tp Gaige_c y_millan
[18:11:41] [Server thread/INFO]: [y_millan: Teleported Gaige_c to y_millan]
[18:11:42] [Server thread/INFO]: Gaige_c was slain by y_millan
[18:12:09] [Server thread/INFO]: Micheal_Jackson issued server command: /gamemode c y_millan
[18:12:09] [Server thread/INFO]: [Micheal_Jackson: Set y_millan's game mode to Creative Mode]
[18:12:28] [Server thread/INFO]: y_millan issued server command: /summon Giant
[18:12:28] [Server thread/INFO]: [y_millan: Object successfully summoned]
[18:12:35] [Async Chat Thread - #2/INFO]: <Micheal_Jackson> yo[m

[18:12:36] [Async Chat Thread - #2/INFO]: <HelldiverD12> what the heck[m

[18:12:42] [Server thread/INFO]: Gaige_c issued server command: /gamemode c
[18:12:42] [Server thread/INFO]: [Gaige_c: Set own game mode to Creative Mode]
[18:12:45] [Async Chat Thread - #2/INFO]: <HelldiverD12> why was there a giant[m

[18:12:47] [Async Chat Thread - #2/INFO]: <Micheal_Jackson> yo gaige[m

[18:12:52] [Thread-25/INFO]: UUID of player Silly_String is 01da5946-57e8-3779-8921-d8de8e1af47b
[18:12:52] [Server thread/INFO]: Silly_String[/[0:0:0:0:0:0:0:1]:35464] logged in with entity id 10745 at ([world]-255.4677137905657, 64.0, 263.44946384057806)
[18:12:53] [Async Chat Thread - #2/INFO]: <Micheal_Jackson> can u come[m

[18:12:56] [Async Chat Thread - #2/INFO]: <Micheal_Jackson> pls[m

[18:12:57] [Thread-26/INFO]: UUID of player Junior is c8a287b9-d648-38f7-a4cc-185ac7bed33f
[18:12:57] [Server thread/INFO]: Junior[/[0:0:0:0:0:0:0:1]:49110] logged in with entity id 10746 at ([world]-226.4476587121946, 64.0, 261.46136482843224)
[18:13:00] [Async Chat Thread - #2/INFO]: <Gaige_c> why[m

[18:13:04] [Async Chat Thread - #2/INFO]: <Micheal_Jackson> follow me[m

[18:13:11] [Server thread/INFO]: y_millan issued server command: /clear lag
[18:13:11] [Server thread/INFO]: [y_millan: That player cannot be found]
[18:13:13] [Server thread/INFO]: Silly_String issued server command: /gamemode s
[18:13:13] [Server thread/INFO]: y_millan issued server command: /clearlag
[18:13:15] [Async Chat Thread - #2/INFO]: <Micheal_Jackson> we need to build ur half of house[m

[18:13:22] [Server thread/INFO]: Junior issued server command: /gamemode 0
[18:13:41] [Server thread/INFO]: Junior has just earned the achievement [Taking Inventory]
[18:13:42] [Server thread/INFO]: y_millan issued server command: /op Junior
[18:13:42] [Server thread/INFO]: [y_millan: Opped Junior]
[18:13:45] [Server thread/INFO]: Junior was shot by y_millan
[18:13:55] [Server thread/INFO]: Junior issued server command: /gamemode 0
[18:13:55] [Server thread/INFO]: [Junior: Set own game mode to Survival Mode]
[18:14:00] [Server thread/INFO]: Junior issued server command: /gamemode 1
[18:14:00] [Server thread/INFO]: [Junior: Set own game mode to Creative Mode]
[18:14:05] [Server thread/INFO]: Gaige_c issued server command: /gamemode s y_millan
[18:14:05] [Server thread/INFO]: [Gaige_c: Set y_millan's game mode to Survival Mode]
[18:14:13] [Server thread/INFO]: y_millan was shot by Silly_String
[18:14:15] [Server thread/INFO]: Micheal_Jackson issued server command: /tp Gaige_c to Micheal_Jackson
[18:14:15] [Server thread/INFO]: [Micheal_Jackson: 'Gaige_c' is not a valid number]
[18:14:22] [Server thread/INFO]: rip_my_drone issued server command: /gamemode 1 HelldiverD12
[18:14:22] [Server thread/INFO]: [rip_my_drone: Set HelldiverD12's game mode to Creative Mode]
[18:14:22] [Server thread/INFO]: y_millan issued server command: /gamemode c
[18:14:22] [Server thread/INFO]: [y_millan: Set own game mode to Creative Mode]
[18:14:23] [Async Chat Thread - #3/INFO]: <HelldiverD12> can i build in piece[m

[18:14:24] [Async Chat Thread - #3/INFO]: <Micheal_Jackson> nvm[m

[18:14:24] [Async Chat Thread - #3/INFO]: <Silly_String> sorry[m

[18:14:25] [Server thread/INFO]: y_millan issued server command: /kill Silly_String
[18:14:25] [Server thread/INFO]: Silly_String fell out of the world
[18:14:25] [Server thread/INFO]: [y_millan: Killed Silly_String]
[18:14:26] [Async Chat Thread - #3/INFO]: <_PresidentDC_> Wsp[m

[18:14:28] [Async Chat Thread - #3/INFO]: <y_millan> welp[m

[18:14:36] [Server thread/INFO]: rip_my_drone issued server command: /gamemode 0 HelldiverD12
[18:14:36] [Server thread/INFO]: [rip_my_drone: Set HelldiverD12's game mode to Survival Mode]
[18:14:39] [Server thread/INFO]: HelldiverD12 fell from a high place
[18:14:43] [Server thread/INFO]: Junior issued server command: /kill _PresidentDC_
[18:14:43] [Server thread/INFO]: _PresidentDC_ fell out of the world
[18:14:43] [Server thread/INFO]: [Junior: Killed _PresidentDC_]
[18:14:45] [Server thread/INFO]: rip_my_drone issued server command: /gamemode 1 HelldiverD12
[18:14:45] [Server thread/INFO]: [rip_my_drone: Set HelldiverD12's game mode to Creative Mode]
[18:14:47] [Server thread/INFO]: HelldiverD12 issued server command: /gamemode c
[18:14:47] [Server thread/INFO]: [HelldiverD12: Set own game mode to Creative Mode]
[18:14:53] [Async Chat Thread - #3/INFO]: <rip_my_drone> sorry[m

[18:14:59] [Server thread/INFO]: y_millan issued server command: /
[18:15:07] [Server thread/INFO]: y_millan issued server command: /tp Gaige_c
[18:15:07] [Server thread/INFO]: [y_millan: Teleported y_millan to Gaige_c]
[18:15:09] [Server thread/INFO]: Junior issued server command: /nuke
[18:15:31] [Server thread/INFO]: y_millan issued server command: /tp Gaige_c
[18:15:31] [Server thread/INFO]: [y_millan: Teleported y_millan to Gaige_c]
[18:15:39] [Server thread/INFO]: y_millan issued server command: /tp Gaige_c
[18:15:39] [Server thread/INFO]: [y_millan: Teleported y_millan to Gaige_c]
[18:15:41] [Server thread/INFO]: y_millan issued server command: /tp Gaige_c
[18:15:41] [Server thread/INFO]: [y_millan: Teleported y_millan to Gaige_c]
[18:15:43] [Async Chat Thread - #3/INFO]: <Micheal_Jackson> no one touch or blow up my house[m

[18:15:53] [Server thread/INFO]: _PresidentDC_ was slain by rip_my_drone
[18:16:01] [Server thread/INFO]: y_millan issued server command: /kill rip_my_drone
[18:16:01] [Server thread/INFO]: rip_my_drone fell out of the world
[18:16:01] [Server thread/INFO]: [y_millan: Killed rip_my_drone]
[18:16:08] [Server thread/INFO]: y_millan issued server command: /gamemode s Gaige_c
[18:16:08] [Server thread/INFO]: [y_millan: Set Gaige_c's game mode to Survival Mode]
[18:16:09] [Server thread/INFO]: Gaige_c was shot by y_millan
[18:16:17] [Server thread/INFO]: y_millan issued server command: /op _PresidentDC_
[18:16:17] [Server thread/INFO]: [y_millan: Opped _PresidentDC_]
[18:16:20] [Async Chat Thread - #3/INFO]: <_PresidentDC_> TY[m

[18:16:23] [Server thread/INFO]: _PresidentDC_ issued server command: /gamemode c
[18:16:23] [Server thread/INFO]: [_PresidentDC_: Set own game mode to Creative Mode]
[18:16:25] [Async Chat Thread - #3/INFO]: <Micheal_Jackson> u can check out my house[m

[18:16:34] [Server thread/INFO]: Gaige_c was burnt to a crisp whilst fighting Silly_String
[18:16:34] [Async Chat Thread - #3/INFO]: <_PresidentDC_> YES[m

[18:16:42] [Async Chat Thread - #3/INFO]: <_PresidentDC_> I AM OPPED AGAIN[m

[18:16:43] [Async Chat Thread - #3/INFO]: <Micheal_Jackson> making upstairs[m

[18:16:45] [Server thread/INFO]: Junior lost connection: Timed out
[18:16:45] [Server thread/INFO]: Junior left the game.
[18:16:49] [Thread-27/INFO]: UUID of player Junior is c8a287b9-d648-38f7-a4cc-185ac7bed33f
[18:16:49] [Server thread/INFO]: Junior[/[0:0:0:0:0:0:0:1]:39210] logged in with entity id 13675 at ([world]-241.09806811779964, 77.60360459408975, 273.32177613441894)
[18:16:51] [Server thread/INFO]: rip_my_drone issued server command: /deop _PresidentDC_
[18:16:51] [Server thread/INFO]: [rip_my_drone: De-opped _PresidentDC_]
[18:16:52] [Server thread/INFO]: Micheal_Jackson issued server command: /deop _PresidentDC_
[18:16:52] [Server thread/INFO]: [Micheal_Jackson: Could not de-op _PresidentDC_]
[18:16:55] [Server thread/INFO]: Gaige_c burned to death
[18:17:00] [Server thread/INFO]: y_millan issued server command: /op _PresidentDC_
[18:17:00] [Server thread/INFO]: [y_millan: Opped _PresidentDC_]
[18:17:05] [Server thread/INFO]: rip_my_drone issued server command: //undo
[18:17:06] [Server thread/INFO]: y_millan issued server command: /tp Gaige_c
[18:17:06] [Server thread/INFO]: [y_millan: Teleported y_millan to Gaige_c]
[18:17:07] [Server thread/INFO]: Gaige_c issued server command: /gamemode c
[18:17:07] [Server thread/INFO]: [Gaige_c: Set own game mode to Creative Mode]
[18:17:22] [Server thread/INFO]: y_millan issued server command: /gamemode s _PresidentDC_
[18:17:22] [Server thread/INFO]: [y_millan: Set _PresidentDC_'s game mode to Survival Mode]
[18:17:48] [Server thread/INFO]: _PresidentDC_ issued server command: /gamemode c
[18:17:48] [Server thread/INFO]: [_PresidentDC_: Set own game mode to Creative Mode]
[18:18:05] [Server thread/INFO]: y_millan issued server command: /tp rip_my_drone
[18:18:05] [Server thread/INFO]: [y_millan: Teleported y_millan to rip_my_drone]
[18:18:08] [Server thread/INFO]: rip_my_drone issued server command: /gamemode 0 _PresidentDC_
[18:18:08] [Server thread/INFO]: [rip_my_drone: Set _PresidentDC_'s game mode to Survival Mode]
[18:18:16] [Server thread/INFO]: _PresidentDC_ issued server command: /gamemode c
[18:18:16] [Server thread/INFO]: [_PresidentDC_: Set own game mode to Creative Mode]
[18:18:21] [Server thread/INFO]: _PresidentDC_ issued server command: /
[18:18:25] [Server thread/INFO]: Micheal_Jackson issued server command: /gamemode s y_millan
[18:18:25] [Server thread/INFO]: [Micheal_Jackson: Set y_millan's game mode to Survival Mode]
[18:18:31] [Server thread/INFO]: y_millan issued server command: /gamemode c
[18:18:31] [Server thread/INFO]: [y_millan: Set own game mode to Creative Mode]
[18:18:32] [Server thread/INFO]: Micheal_Jackson issued server command: /tp y_millan
[18:18:32] [Server thread/INFO]: [Micheal_Jackson: Teleported Micheal_Jackson to y_millan]
[18:18:59] [Async Chat Thread - #4/INFO]: <Micheal_Jackson> yahir[m

[18:19:00] [Server thread/INFO]: y_millan issued server command: /summon Giant
[18:19:00] [Server thread/INFO]: [y_millan: Object successfully summoned]
[18:19:11] [Server thread/INFO]: rip_my_drone issued server command: //set TNT
[18:19:12] [Async Chat Thread - #4/INFO]: <Micheal_Jackson> i do not like how your abusing you powers[m

[18:19:17] [Async Chat Thread - #4/INFO]: <Micheal_Jackson> its not very nice[m

[18:19:23] [Async Chat Thread - #4/INFO]: <y_millan> me?[m

[18:19:24] [Server thread/INFO]: rip_my_drone lost connection: Internal Exception: java.net.SocketException: Connection reset
[18:19:24] [Server thread/INFO]: rip_my_drone left the game.
[18:19:28] [Async Chat Thread - #4/INFO]: <_PresidentDC_> HE OWNES SERVER[m

[18:19:29] [Async Chat Thread - #4/INFO]: <Micheal_Jackson> yes[m

[18:19:37] [Async Chat Thread - #4/INFO]: <_PresidentDC_> WHAT U EXPECT[m

[18:19:38] [Async Chat Thread - #4/INFO]: <Micheal_Jackson> doesnt mean he can abuse[m

[18:19:44] [Async Chat Thread - #4/INFO]: <y_millan> me?[m

[18:19:50] [Async Chat Thread - #4/INFO]: <y_millan> um[m

[18:19:51] [Async Chat Thread - #4/INFO]: <Micheal_Jackson> yes[m

[18:19:52] [Async Chat Thread - #4/INFO]: <y_millan> i mean...[m

[18:19:55] [Async Chat Thread - #4/INFO]: <y_millan> its my server[m

[18:20:00] [Async Chat Thread - #4/INFO]: <Micheal_Jackson> if u can abuse[m

[18:20:01] [Async Chat Thread - #4/INFO]: <y_millan> but i do have limits too...[m

[18:20:07] [Async Chat Thread - #4/INFO]: <Micheal_Jackson> cant we abuse?[m

[18:20:10] [Async Chat Thread - #4/INFO]: <y_millan> no[m

[18:20:13] [Async Chat Thread - #4/INFO]: <y_millan> you guys are[m

[18:20:16] [Async Chat Thread - #4/INFO]: <y_millan> OPERATORS[m

[18:20:19] [Async Chat Thread - #4/INFO]: <y_millan> and im the[m

[18:20:20] [Async Chat Thread - #4/INFO]: <Micheal_Jackson> alr so[m

[18:20:22] [Async Chat Thread - #4/INFO]: <y_millan> OWNER[m

[18:20:25] [Server thread/INFO]: Junior issued server command: /gamemode 0 _PresidentDC_
[18:20:25] [Server thread/INFO]: [Junior: Set _PresidentDC_'s game mode to Survival Mode]
[18:20:30] [Server thread/INFO]: _PresidentDC_ was shot by Junior using [Goodnight]
[18:20:30] [Async Chat Thread - #4/INFO]: <Micheal_Jackson> abusing power tho[m

[18:20:31] [Async Chat Thread - #4/INFO]: <y_millan> thos are 2 completly different people[m

[18:20:33] [Server thread/INFO]: Gaige_c issued server command: /up 1000
[18:20:33] [Server thread/INFO]: HelldiverD12 lost connection: Disconnected
[18:20:33] [Server thread/INFO]: HelldiverD12 left the game.
[18:20:42] [Async Chat Thread - #4/INFO]: <Micheal_Jackson> i dont like getting killed every 5 secs[m

[18:20:48] [Async Chat Thread - #4/INFO]: <y_millan> ok[m

[18:20:50] [Async Chat Thread - #4/INFO]: <y_millan> i wont[m

[18:20:51] [Async Chat Thread - #4/INFO]: <Micheal_Jackson> im just tryna build my house[m

[18:20:56] [Server thread/INFO]: Gaige_c issued server command: /up y_millan 100000
[18:21:06] [Server thread/INFO]: Junior lost connection: Disconnected
[18:21:06] [Server thread/INFO]: Junior left the game.
[18:21:09] [Server thread/INFO]: y_millan lost connection: Disconnected
[18:21:09] [Server thread/INFO]: y_millan left the game.
[18:21:09] [Server thread/INFO]: Gaige_c issued server command: /up y_millan 1000
[18:21:12] [Server thread/INFO]: Micheal_Jackson lost connection: Disconnected
[18:21:12] [Server thread/INFO]: Micheal_Jackson left the game.
[18:21:13] [Server thread/INFO]: Gaige_c lost connection: Disconnected
[18:21:13] [Server thread/INFO]: Gaige_c left the game.
[18:21:14] [Server thread/INFO]: _PresidentDC_ lost connection: Disconnected
[18:21:14] [Server thread/INFO]: _PresidentDC_ left the game.
[18:21:17] [Server thread/INFO]: Silly_String lost connection: Disconnected
[18:21:17] [Server thread/INFO]: Silly_String left the game.
[18:22:11] [Thread-29/INFO]: UUID of player Silly_String is 01da5946-57e8-3779-8921-d8de8e1af47b
[18:22:11] [Server thread/INFO]: Silly_String[/[0:0:0:0:0:0:0:1]:44538] logged in with entity id 14694 at ([world]-331.32813755698385, 81.27213898999763, 265.7399340320511)
[18:24:10] [Server thread/INFO]: [Server] id you like the rampage?
[18:24:31] [Thread-30/INFO]: UUID of player Gaige_c is c021df60-81de-3f00-9b66-51979bd0f5d7
[18:24:31] [Server thread/INFO]: Gaige_c[/[0:0:0:0:0:0:0:1]:47532] logged in with entity id 14766 at ([world]-293.1821972575493, 73.5, 302.2238109147285)
[18:26:02] [Thread-31/INFO]: UUID of player Micheal_Jackson is 0ea505dc-8e65-3246-9608-bd6edb0aacbf
[18:26:02] [Server thread/INFO]: Micheal_Jackson[/[0:0:0:0:0:0:0:1]:57330] logged in with entity id 14822 at ([world]-288.28811328722685, 77.0, 299.2382272472346)
[18:26:18] [Server thread/INFO]: Micheal_Jackson lost connection: Disconnected
[18:26:18] [Server thread/INFO]: Micheal_Jackson left the game.
[18:27:11] [Server thread/INFO]: Silly_String lost connection: Disconnected
[18:27:11] [Server thread/INFO]: Silly_String left the game.
[18:29:08] [Thread-32/INFO]: UUID of player y_millan is bb5b74c9-6191-376c-bace-e2b30f220c2e
[18:29:08] [Server thread/INFO]: y_millan[/[0:0:0:0:0:0:0:1]:56080] logged in with entity id 15086 at ([world]-241.5, 64.0, 284.5)
[18:29:20] [Server thread/INFO]: y_millan issued server command: /tp Gaige_c
[18:29:20] [Server thread/INFO]: [y_millan: Teleported y_millan to Gaige_c]
[18:29:58] [Thread-33/INFO]: UUID of player rip_my_drone is 82cb4512-56bb-3d5f-84c6-394f68b640aa
[18:29:58] [Server thread/INFO]: rip_my_drone[/[0:0:0:0:0:0:0:1]:46634] logged in with entity id 15145 at ([world]-227.67106611740147, 60.0, 263.712133912575)
[18:30:07] [Server thread/INFO]: y_millan issued server command: /tp rip_my_drone
[18:30:07] [Server thread/INFO]: [y_millan: Teleported y_millan to rip_my_drone]
[18:30:37] [Server thread/INFO]: rip_my_drone issued server command: //set sign
[18:30:41] [Server thread/INFO]: rip_my_drone issued server command: //undo
[18:30:47] [Async Chat Thread - #5/INFO]: <y_millan> dude...[m

[18:30:54] [Async Chat Thread - #5/INFO]: <rip_my_drone> what[m

[18:31:42] [Server thread/INFO]: Gaige_c issued server command: /clear Gaige_c
[18:31:42] [Server thread/INFO]: [Gaige_c: Cleared the inventory of Gaige_c, removing 1 items]
[18:31:55] [Server thread/INFO]: y_millan issued server command: /tp rip_my_drone
[18:31:55] [Server thread/INFO]: [y_millan: Teleported y_millan to rip_my_drone]
[18:32:07] [Async Chat Thread - #6/INFO]: <rip_my_drone> what[m

[18:32:13] [Server thread/INFO]: rip_my_drone issued server command: /tp y_millan
[18:32:13] [Server thread/INFO]: [rip_my_drone: Teleported rip_my_drone to y_millan]
[18:32:13] [Async Chat Thread - #6/INFO]: <y_millan> nvm[m

[18:32:46] [Server thread/INFO]: Gaige_c lost connection: Disconnected
[18:32:46] [Server thread/INFO]: Gaige_c left the game.
[18:32:46] [Server thread/INFO]: y_millan lost connection: Disconnected
[18:32:46] [Server thread/INFO]: y_millan left the game.
[18:32:46] [Server thread/INFO]: rip_my_drone lost connection: Disconnected
[18:32:46] [Server thread/INFO]: rip_my_drone left the game.
[18:33:51] [Thread-34/INFO]: UUID of player y_millan is bb5b74c9-6191-376c-bace-e2b30f220c2e
[18:33:51] [Server thread/INFO]: y_millan[/[0:0:0:0:0:0:0:1]:36270] logged in with entity id 15475 at ([world]-239.99665319054816, 64.0, 284.7146731108889)
[18:33:51] [Thread-35/INFO]: UUID of player Gaige_c is c021df60-81de-3f00-9b66-51979bd0f5d7
[18:33:51] [Server thread/INFO]: Gaige_c[/[0:0:0:0:0:0:0:1]:36276] logged in with entity id 15493 at ([world]-249.16595244883564, 68.01744236080594, 270.0798026004964)
[18:34:17] [Async Chat Thread - #7/INFO]: <Gaige_c> waa[m

[18:34:18] [Server thread/INFO]: y_millan issued server command: /gamemode s Gaige_c
[18:34:18] [Server thread/INFO]: [y_millan: Set Gaige_c's game mode to Survival Mode]
[18:34:26] [Async Chat Thread - #7/INFO]: <y_millan> jk[m

[18:34:38] [Server thread/INFO]: y_millan lost connection: Disconnected
[18:34:38] [Server thread/INFO]: y_millan left the game.
[18:34:38] [Server thread/INFO]: Gaige_c issued server command: /gamemode c
[18:34:38] [Server thread/INFO]: [Gaige_c: Set own game mode to Creative Mode]
[18:35:10] [Server thread/INFO]: [Server] does it bounce when you walk
[18:35:15] [Server thread/INFO]: [Server] ?
[18:35:46] [Server thread/INFO]: Gaige_c lost connection: Disconnected
[18:35:46] [Server thread/INFO]: Gaige_c left the game.
[18:45:41] [Thread-36/INFO]: UUID of player _PresidentDC_ is 31d186ed-f6f2-3eea-933e-59d959cdccdf
[18:45:41] [Server thread/INFO]: _PresidentDC_[/[0:0:0:0:0:0:0:1]:53832] logged in with entity id 16333 at ([world]-241.5, 64.0, 284.5)
[18:46:09] [Server thread/INFO]: _PresidentDC_ lost connection: Disconnected
[18:46:09] [Server thread/INFO]: _PresidentDC_ left the game.
[18:46:16] [Thread-37/INFO]: UUID of player _PresidentDC_ is 31d186ed-f6f2-3eea-933e-59d959cdccdf
[18:46:16] [Server thread/INFO]: _PresidentDC_[/[0:0:0:0:0:0:0:1]:39996] logged in with entity id 16336 at ([world]-250.74289480630387, 65.24918707874468, 285.82915482613356)
[18:46:28] [Server thread/INFO]: _PresidentDC_ issued server command: /gamemode c
[18:46:28] [Server thread/INFO]: [_PresidentDC_: Set own game mode to Creative Mode]
[18:47:16] [Async Chat Thread - #8/INFO]: <_PresidentDC_> afk[m

[18:49:30] [Server thread/INFO]: _PresidentDC_ lost connection: Disconnected
[18:49:30] [Server thread/INFO]: _PresidentDC_ left the game.
[18:53:45] [Thread-39/INFO]: UUID of player Gaige_c is c021df60-81de-3f00-9b66-51979bd0f5d7
[18:53:45] [Server thread/INFO]: Gaige_c[/[0:0:0:0:0:0:0:1]:44548] logged in with entity id 16405 at ([world]-268.69620623595625, 64.0, 298.1153937926255)
[18:56:22] [Thread-40/INFO]: UUID of player _PresidentDC_ is 31d186ed-f6f2-3eea-933e-59d959cdccdf
[18:56:22] [Server thread/INFO]: _PresidentDC_[/[0:0:0:0:0:0:0:1]:53822] logged in with entity id 16559 at ([world]-251.61774684141406, 65.73901678014767, 260.3528135610035)
[18:56:32] [Async Chat Thread - #9/INFO]: <_PresidentDC_> Wsp gaige[m

[18:56:54] [Thread-41/INFO]: UUID of player y_millan is bb5b74c9-6191-376c-bace-e2b30f220c2e
[18:56:54] [Server thread/INFO]: y_millan[/[0:0:0:0:0:0:0:1]:42428] logged in with entity id 16796 at ([world]-241.07443857959498, 64.0, 285.8710407225806)
[18:56:59] [Server thread/INFO]: Gaige_c lost connection: Disconnected
[18:56:59] [Server thread/INFO]: Gaige_c left the game.
[18:56:59] [Server thread/INFO]: _PresidentDC_ lost connection: Disconnected
[18:56:59] [Server thread/INFO]: _PresidentDC_ left the game.
[18:56:59] [Server thread/INFO]: y_millan lost connection: Disconnected
[18:56:59] [Server thread/INFO]: y_millan left the game.
[18:57:04] [Server console handler/ERROR]: Exception handling console input
java.io.IOException: Input/output error
	at java.io.FileInputStream.readBytes(Native Method) ~[?:?]
	at java.io.FileInputStream.read(FileInputStream.java:287) ~[?:?]
	at java.io.BufferedInputStream.fill(BufferedInputStream.java:291) ~[?:?]
	at java.io.BufferedInputStream.implRead(BufferedInputStream.java:325) ~[?:?]
	at java.io.BufferedInputStream.read(BufferedInputStream.java:312) ~[?:?]
	at org.bukkit.craftbukkit.libs.jline.internal.NonBlockingInputStream.read(NonBlockingInputStream.java:169) ~[patched_1.8.8.jar:git-PaperSpigot-445]
	at org.bukkit.craftbukkit.libs.jline.internal.NonBlockingInputStream.read(NonBlockingInputStream.java:137) ~[patched_1.8.8.jar:git-PaperSpigot-445]
	at org.bukkit.craftbukkit.libs.jline.internal.NonBlockingInputStream.read(NonBlockingInputStream.java:246) ~[patched_1.8.8.jar:git-PaperSpigot-445]
	at org.bukkit.craftbukkit.libs.jline.internal.InputStreamReader.read(InputStreamReader.java:261) ~[patched_1.8.8.jar:git-PaperSpigot-445]
	at org.bukkit.craftbukkit.libs.jline.internal.InputStreamReader.read(InputStreamReader.java:198) ~[patched_1.8.8.jar:git-PaperSpigot-445]
	at org.bukkit.craftbukkit.libs.jline.console.ConsoleReader.readCharacter(ConsoleReader.java:2145) ~[patched_1.8.8.jar:git-PaperSpigot-445]
	at org.bukkit.craftbukkit.libs.jline.console.ConsoleReader.readLine(ConsoleReader.java:2349) ~[patched_1.8.8.jar:git-PaperSpigot-445]
	at net.minecraft.server.v1_8_R3.DedicatedServer$2.run(DedicatedServer.java:79) [patched_1.8.8.jar:git-PaperSpigot-445]
