[17:42:57] [main/INFO]: Using mbed TLS based native cipher.
[17:42:57] [main/INFO]: Using zlib based native compressor.
[17:42:57] [main/INFO]: Enabled Waterfall version git:Waterfall-Bootstrap:1.19-R0.1-SNAPSHOT:f6069e2:513
[17:42:57] [main/INFO]: Not on Windows, attempting to use enhanced EpollEventLoop
[17:42:57] [main/INFO]: Epoll is working, utilising it!
[17:42:57] [main/INFO]: Discovered module: ModuleSpec(name=cmd_alert, file=modules/cmd_alert.jar, provider=JenkinsModuleSource())
[17:42:57] [main/INFO]: Discovered module: ModuleSpec(name=cmd_find, file=modules/cmd_find.jar, provider=JenkinsModuleSource())
[17:42:57] [main/INFO]: Discovered module: ModuleSpec(name=cmd_list, file=modules/cmd_list.jar, provider=JenkinsModuleSource())
[17:42:57] [main/INFO]: Discovered module: ModuleSpec(name=cmd_send, file=modules/cmd_send.jar, provider=JenkinsModuleSource())
[17:42:57] [main/INFO]: Discovered module: ModuleSpec(name=cmd_server, file=modules/cmd_server.jar, provider=JenkinsModuleSource())
[17:42:57] [main/INFO]: Discovered module: ModuleSpec(name=reconnect_yaml, file=modules/reconnect_yaml.jar, provider=JenkinsModuleSource())
[17:42:57] [main/INFO]: Loaded plugin reconnect_yaml version git:reconnect_yaml:1.19-R0.1-SNAPSHOT:f6069e2:513 by WaterfallMC
[17:42:57] [main/INFO]: Loaded plugin cmd_find version git:cmd_find:1.19-R0.1-SNAPSHOT:f6069e2:513 by WaterfallMC
[17:42:57] [main/INFO]: Loaded plugin cmd_server version git:cmd_server:1.19-R0.1-SNAPSHOT:f6069e2:513 by WaterfallMC
[17:42:57] [main/INFO]: Loaded plugin cmd_alert version git:cmd_alert:1.19-R0.1-SNAPSHOT:f6069e2:513 by WaterfallMC
[17:42:57] [main/INFO]: Loaded plugin cmd_send version git:cmd_send:1.19-R0.1-SNAPSHOT:f6069e2:513 by WaterfallMC
[17:42:57] [main/INFO]: Loaded plugin cmd_list version git:cmd_list:1.19-R0.1-SNAPSHOT:f6069e2:513 by WaterfallMC
[17:42:57] [main/WARN]: :>:>:>:>:>:>:>:>:>:>:>:>:>:>:>:>:>:>:>:>:>:>:>
[17:42:57] [main/WARN]: :>  
[17:42:57] [main/WARN]: :>      EAGLERCRAFTXBUNGEE WARNING:
[17:42:57] [main/WARN]: :>  
[17:42:57] [main/WARN]: :>  This plugin wasn't tested to be 'working'
[17:42:57] [main/WARN]: :>  with ANY version of BungeeCord (and forks)
[17:42:57] [main/WARN]: :>  apart from the versions listed below:
[17:42:57] [main/WARN]: :>  
[17:42:57] [main/WARN]: :>  - BungeeCord: 1.20-R0.3-SNAPSHOT:eda268b:1797
[17:42:57] [main/WARN]: :>  - Waterfall: 1.20-R0.2-SNAPSHOT:92b5149:562
[17:42:57] [main/WARN]: :>  - FlameCord: 1.1.1
[17:42:57] [main/WARN]: :>  
[17:42:57] [main/WARN]: :>  This is not a Bukkit/Spigot plugin!
[17:42:57] [main/WARN]: :>  
[17:42:57] [main/WARN]: :>  Use "-Deaglerxbungee.stfu=true" to hide
[17:42:57] [main/WARN]: :>  
[17:42:57] [main/WARN]: :>:>:>:>:>:>:>:>:>:>:>:>:>:>:>:>:>:>:>:>:>:>:>
[17:42:57] [main/INFO] [EaglercraftXBungee]: Loading vanilla profile: lax1dude
[17:42:58] [Skin Download Thread #1/INFO] [EaglercraftXBungee]: Loaded vanilla profile: lax1dude
[17:42:58] [main/INFO]: Loaded plugin EaglercraftXBungee version 1.0.10 by lax1dude
[17:42:58] [main/WARN]: Forced host server pvp is not defined
[17:42:58] [main/INFO]: Enabled plugin reconnect_yaml version git:reconnect_yaml:1.19-R0.1-SNAPSHOT:f6069e2:513 by WaterfallMC
[17:42:58] [main/INFO]: Enabled plugin cmd_find version git:cmd_find:1.19-R0.1-SNAPSHOT:f6069e2:513 by WaterfallMC
[17:42:58] [main/INFO]: Enabled plugin cmd_server version git:cmd_server:1.19-R0.1-SNAPSHOT:f6069e2:513 by WaterfallMC
[17:42:58] [main/INFO]: Enabled plugin cmd_alert version git:cmd_alert:1.19-R0.1-SNAPSHOT:f6069e2:513 by WaterfallMC
[17:42:58] [main/INFO]: Enabled plugin cmd_send version git:cmd_send:1.19-R0.1-SNAPSHOT:f6069e2:513 by WaterfallMC
[17:42:58] [main/INFO]: Enabled plugin cmd_list version git:cmd_list:1.19-R0.1-SNAPSHOT:f6069e2:513 by WaterfallMC
[17:42:58] [main/ERROR] [EaglercraftXBungee]: Online mode is set to false! Authentication system has been disabled
[17:42:58] [Netty Worker IO Thread #0/INFO] [EaglercraftXBungee]: Eaglercraft is listening on: /0.0.0.0:8081
[17:42:58] [main/INFO] [EaglercraftXBungee]: Connected to database: jdbc:sqlite:eaglercraft_skins_cache.db
[17:42:58] [main/INFO]: Enabled plugin EaglercraftXBungee version 1.0.10 by lax1dude
[17:42:58] [Netty Boss IO Thread #0/INFO]: Listening on /127.0.0.1:25577
[17:42:59] [EaglerXBungee: Network Tick Tasks/INFO] [EaglercraftXBungee]: Loaded certificate: /workspaces/eaglerserver-1.8.8/bungee/plugins/EaglercraftXBungee/eagcert/$dl.426791e3ea9528093a8ce7254e0c3bb7b11e6971.cert
[17:44:31] [Netty Worker IO Thread #2/INFO] [EaglercraftXBungee]: [/[0:0:0:0:0:0:0:1%0]:52672]: Connected via websocket
[17:44:31] [Netty Worker IO Thread #2/INFO] [EaglercraftXBungee]: [/[0:0:0:0:0:0:0:1%0]:52672]: Origin header is null
[17:44:32] [Netty Worker IO Thread #2/INFO] [EaglercraftXBungee]: [/[0:0:0:0:0:0:0:1%0]:52672]: Logged in as 'rip_my_drone'
[17:44:32] [Netty Worker IO Thread #2/INFO]: [/[0:0:0:0:0:0:0:1%0]:52672|rip_my_drone] -> UpstreamBridge has connected
[17:44:32] [Netty Worker IO Thread #2/INFO]: [rip_my_drone|/[0:0:0:0:0:0:0:1%0]:52672] <-> ServerConnector [lobby] has connected
[17:48:01] [Netty Worker IO Thread #2/INFO]: [/[0:0:0:0:0:0:0:1%0]:52672|rip_my_drone] -> UpstreamBridge has disconnected
[17:48:01] [Netty Worker IO Thread #2/INFO]: [rip_my_drone] disconnected with: Proxy lost connection to server.
[17:48:01] [Netty Worker IO Thread #2/INFO]: [/[0:0:0:0:0:0:0:1%0]:52672|rip_my_drone] <-> DownstreamBridge <-> [lobby] has disconnected
[17:55:39] [Netty Worker IO Thread #2/INFO] [EaglercraftXBungee]: [/[0:0:0:0:0:0:0:1%0]:38518]: Connected via websocket
[17:55:39] [Netty Worker IO Thread #2/INFO] [EaglercraftXBungee]: [/[0:0:0:0:0:0:0:1%0]:38518]: Origin header is null
[17:55:39] [Netty Worker IO Thread #2/INFO] [EaglercraftXBungee]: [/[0:0:0:0:0:0:0:1%0]:38518]: Logged in as '_PresidentDC_'
[17:55:39] [Netty Worker IO Thread #2/INFO]: [/[0:0:0:0:0:0:0:1%0]:38518|_PresidentDC_] -> UpstreamBridge has connected
[17:55:39] [Netty Worker IO Thread #2/INFO]: [_PresidentDC_|/[0:0:0:0:0:0:0:1%0]:38518] <-> ServerConnector [lobby] has connected
[17:58:38] [Netty Worker IO Thread #5/INFO] [EaglercraftXBungee]: [/[0:0:0:0:0:0:0:1%0]:37232]: Connected via websocket
[17:58:38] [Netty Worker IO Thread #5/INFO] [EaglercraftXBungee]: [/[0:0:0:0:0:0:0:1%0]:37232]: Origin header is null
[17:58:39] [Netty Worker IO Thread #5/INFO] [EaglercraftXBungee]: [/[0:0:0:0:0:0:0:1%0]:37232]: Logged in as 'Silly_String'
[17:58:39] [Netty Worker IO Thread #5/INFO]: [/[0:0:0:0:0:0:0:1%0]:37232|Silly_String] -> UpstreamBridge has connected
[17:58:39] [Netty Worker IO Thread #5/INFO]: [Silly_String|/[0:0:0:0:0:0:0:1%0]:37232] <-> ServerConnector [lobby] has connected
[17:58:46] [Netty Worker IO Thread #7/INFO] [EaglercraftXBungee]: [/[0:0:0:0:0:0:0:1%0]:51706]: Connected via websocket
[17:58:46] [Netty Worker IO Thread #7/INFO] [EaglercraftXBungee]: [/[0:0:0:0:0:0:0:1%0]:51706]: Origin header is null
[17:58:46] [Netty Worker IO Thread #7/INFO] [EaglercraftXBungee]: [/[0:0:0:0:0:0:0:1%0]:51706]: Logged in as 'Gaige_c'
[17:58:46] [Netty Worker IO Thread #7/INFO]: [/[0:0:0:0:0:0:0:1%0]:51706|Gaige_c] -> UpstreamBridge has connected
[17:58:46] [Netty Worker IO Thread #7/INFO]: [Gaige_c|/[0:0:0:0:0:0:0:1%0]:51706] <-> ServerConnector [lobby] has connected
[17:59:01] [Netty Worker IO Thread #5/INFO]: [/[0:0:0:0:0:0:0:1%0]:37232|Silly_String] -> UpstreamBridge has disconnected
[17:59:01] [Netty Worker IO Thread #5/INFO]: [Silly_String] disconnected with: Proxy lost connection to server.
[17:59:01] [Netty Worker IO Thread #5/INFO]: [/[0:0:0:0:0:0:0:1%0]:37232|Silly_String] <-> DownstreamBridge <-> [lobby] has disconnected
[17:59:30] [Netty Worker IO Thread #5/INFO] [EaglercraftXBungee]: [/[0:0:0:0:0:0:0:1%0]:54020]: Connected via websocket
[17:59:30] [Netty Worker IO Thread #5/INFO] [EaglercraftXBungee]: [/[0:0:0:0:0:0:0:1%0]:54020]: Origin header is http://localhost:8081
[17:59:30] [Netty Worker IO Thread #5/INFO] [EaglercraftXBungee]: [/[0:0:0:0:0:0:0:1%0]:54020]: Logged in as 'Micheal_Jackson'
[17:59:30] [Netty Worker IO Thread #5/INFO]: [/[0:0:0:0:0:0:0:1%0]:54020|Micheal_Jackson] -> UpstreamBridge has connected
[17:59:30] [Netty Worker IO Thread #5/INFO]: [Micheal_Jackson|/[0:0:0:0:0:0:0:1%0]:54020] <-> ServerConnector [lobby] has connected
[18:00:11] [Netty Worker IO Thread #0/INFO] [EaglercraftXBungee]: [/[0:0:0:0:0:0:0:1%0]:38422]: Connected via websocket
[18:00:11] [Netty Worker IO Thread #0/INFO] [EaglercraftXBungee]: [/[0:0:0:0:0:0:0:1%0]:38422]: Origin header is null
[18:00:11] [Netty Worker IO Thread #0/INFO] [EaglercraftXBungee]: [/[0:0:0:0:0:0:0:1%0]:38422]: Logged in as 'rip_my_drone'
[18:00:11] [Netty Worker IO Thread #0/INFO]: [/[0:0:0:0:0:0:0:1%0]:38422|rip_my_drone] -> UpstreamBridge has connected
[18:00:11] [Netty Worker IO Thread #0/INFO]: [rip_my_drone|/[0:0:0:0:0:0:0:1%0]:38422] <-> ServerConnector [lobby] has connected
[18:01:13] [Netty Worker IO Thread #2/INFO] [EaglercraftXBungee]: [/[0:0:0:0:0:0:0:1%0]:43174]: Connected via websocket
[18:01:13] [Netty Worker IO Thread #2/INFO] [EaglercraftXBungee]: [/[0:0:0:0:0:0:0:1%0]:43174]: Origin header is null
[18:01:13] [Netty Worker IO Thread #2/INFO] [EaglercraftXBungee]: [/[0:0:0:0:0:0:0:1%0]:43174]: Logged in as 'y_millan'
[18:01:13] [Netty Worker IO Thread #2/INFO]: [/[0:0:0:0:0:0:0:1%0]:43174|y_millan] -> UpstreamBridge has connected
[18:01:13] [Netty Worker IO Thread #2/INFO]: [y_millan|/[0:0:0:0:0:0:0:1%0]:43174] <-> ServerConnector [lobby] has connected
[18:01:20] [Netty Worker IO Thread #7/INFO]: [/[0:0:0:0:0:0:0:1%0]:51706|Gaige_c] -> UpstreamBridge has disconnected
[18:01:20] [Netty Worker IO Thread #7/INFO]: [Gaige_c] disconnected with: Proxy lost connection to server.
[18:01:20] [Netty Worker IO Thread #7/INFO]: [/[0:0:0:0:0:0:0:1%0]:51706|Gaige_c] <-> DownstreamBridge <-> [lobby] has disconnected
[18:01:58] [Netty Worker IO Thread #5/INFO] [EaglercraftXBungee]: [/[0:0:0:0:0:0:0:1%0]:33220]: Connected via websocket
[18:01:58] [Netty Worker IO Thread #5/INFO] [EaglercraftXBungee]: [/[0:0:0:0:0:0:0:1%0]:33220]: Origin header is null
[18:01:58] [Netty Worker IO Thread #5/INFO] [EaglercraftXBungee]: [/[0:0:0:0:0:0:0:1%0]:33220]: Logged in as 'Gaige_c'
[18:01:58] [Netty Worker IO Thread #5/INFO]: [/[0:0:0:0:0:0:0:1%0]:33220|Gaige_c] -> UpstreamBridge has connected
[18:01:58] [Netty Worker IO Thread #5/INFO]: [Gaige_c|/[0:0:0:0:0:0:0:1%0]:33220] <-> ServerConnector [lobby] has connected
[18:02:08] [Netty Worker IO Thread #2/INFO]: [/[0:0:0:0:0:0:0:1%0]:43174|y_millan] -> UpstreamBridge has disconnected
[18:02:08] [Netty Worker IO Thread #2/INFO]: [y_millan] disconnected with: Proxy lost connection to server.
[18:02:08] [Netty Worker IO Thread #2/INFO]: [/[0:0:0:0:0:0:0:1%0]:43174|y_millan] <-> DownstreamBridge <-> [lobby] has disconnected
[18:02:37] [Netty Worker IO Thread #0/INFO] [EaglercraftXBungee]: [/[0:0:0:0:0:0:0:1%0]:59866]: Connected via websocket
[18:02:37] [Netty Worker IO Thread #0/INFO] [EaglercraftXBungee]: [/[0:0:0:0:0:0:0:1%0]:59866]: Origin header is null
[18:02:38] [Netty Worker IO Thread #0/INFO] [EaglercraftXBungee]: [/[0:0:0:0:0:0:0:1%0]:59866]: Logged in as 'y_millan'
[18:02:38] [Netty Worker IO Thread #0/INFO]: [/[0:0:0:0:0:0:0:1%0]:59866|y_millan] -> UpstreamBridge has connected
[18:02:38] [Netty Worker IO Thread #0/INFO]: [y_millan|/[0:0:0:0:0:0:0:1%0]:59866] <-> ServerConnector [lobby] has connected
[18:02:40] [Netty Worker IO Thread #0/INFO]: [/[0:0:0:0:0:0:0:1%0]:59866|y_millan] -> UpstreamBridge has disconnected
[18:02:40] [Netty Worker IO Thread #0/INFO]: [y_millan] disconnected with: Proxy lost connection to server.
[18:02:40] [Netty Worker IO Thread #0/INFO]: [/[0:0:0:0:0:0:0:1%0]:59866|y_millan] <-> DownstreamBridge <-> [lobby] has disconnected
[18:02:43] [Netty Worker IO Thread #2/INFO] [EaglercraftXBungee]: [/[0:0:0:0:0:0:0:1%0]:42326]: Connected via websocket
[18:02:43] [Netty Worker IO Thread #2/INFO] [EaglercraftXBungee]: [/[0:0:0:0:0:0:0:1%0]:42326]: Origin header is null
[18:02:44] [Netty Worker IO Thread #2/INFO] [EaglercraftXBungee]: [/[0:0:0:0:0:0:0:1%0]:42326]: Logged in as 'y_millan'
[18:02:44] [Netty Worker IO Thread #2/INFO]: [/[0:0:0:0:0:0:0:1%0]:42326|y_millan] -> UpstreamBridge has connected
[18:02:44] [Netty Worker IO Thread #2/INFO]: [y_millan|/[0:0:0:0:0:0:0:1%0]:42326] <-> ServerConnector [lobby] has connected
[18:02:51] [Netty Worker IO Thread #2/INFO]: [_PresidentDC_] disconnected with: You are banned from this server.
[18:02:51] [Netty Worker IO Thread #2/INFO]: [/[0:0:0:0:0:0:0:1%0]:38518|_PresidentDC_] -> UpstreamBridge has disconnected
[18:02:51] [Netty Worker IO Thread #2/INFO]: [/[0:0:0:0:0:0:0:1%0]:38518|_PresidentDC_] <-> DownstreamBridge <-> [lobby] has disconnected
[18:03:01] [Netty Worker IO Thread #3/INFO] [EaglercraftXBungee]: [/[0:0:0:0:0:0:0:1%0]:50508]: Connected via websocket
[18:03:01] [Netty Worker IO Thread #3/INFO] [EaglercraftXBungee]: [/[0:0:0:0:0:0:0:1%0]:50508]: Origin header is null
[18:03:01] [Netty Worker IO Thread #3/INFO] [EaglercraftXBungee]: [/[0:0:0:0:0:0:0:1%0]:50508]: Logged in as '_PresidentDC_'
[18:03:01] [Netty Worker IO Thread #3/INFO]: [/[0:0:0:0:0:0:0:1%0]:50508|_PresidentDC_] -> UpstreamBridge has connected
[18:03:01] [Netty Worker IO Thread #3/INFO]: [_PresidentDC_|/[0:0:0:0:0:0:0:1%0]:50508] <-> ServerConnector [lobby] has connected
[18:03:07] [Netty Worker IO Thread #3/INFO]: [_PresidentDC_] disconnected with: Kicked by an operator.
[18:03:07] [Netty Worker IO Thread #3/INFO]: [/[0:0:0:0:0:0:0:1%0]:50508|_PresidentDC_] -> UpstreamBridge has disconnected
[18:03:07] [Netty Worker IO Thread #3/INFO]: [/[0:0:0:0:0:0:0:1%0]:50508|_PresidentDC_] <-> DownstreamBridge <-> [lobby] has disconnected
[18:03:10] [Netty Worker IO Thread #4/INFO] [EaglercraftXBungee]: [/[0:0:0:0:0:0:0:1%0]:35680]: Connected via websocket
[18:03:10] [Netty Worker IO Thread #4/INFO] [EaglercraftXBungee]: [/[0:0:0:0:0:0:0:1%0]:35680]: Origin header is null
[18:03:10] [Netty Worker IO Thread #4/INFO] [EaglercraftXBungee]: [/[0:0:0:0:0:0:0:1%0]:35680]: Logged in as '_PresidentDC_'
[18:03:10] [Netty Worker IO Thread #4/INFO]: [/[0:0:0:0:0:0:0:1%0]:35680|_PresidentDC_] -> UpstreamBridge has connected
[18:03:10] [Netty Worker IO Thread #4/INFO]: [_PresidentDC_|/[0:0:0:0:0:0:0:1%0]:35680] <-> ServerConnector [lobby] has connected
[18:06:22] [Netty Worker IO Thread #0/INFO]: [rip_my_drone] disconnected with: no bro...
[18:06:22] [Netty Worker IO Thread #0/INFO]: [/[0:0:0:0:0:0:0:1%0]:38422|rip_my_drone] -> UpstreamBridge has disconnected
[18:06:22] [Netty Worker IO Thread #0/INFO]: [/[0:0:0:0:0:0:0:1%0]:38422|rip_my_drone] <-> DownstreamBridge <-> [lobby] has disconnected
[18:06:25] [Netty Worker IO Thread #2/INFO] [EaglercraftXBungee]: [/[0:0:0:0:0:0:0:1%0]:48082]: Connected via websocket
[18:06:25] [Netty Worker IO Thread #2/INFO] [EaglercraftXBungee]: [/[0:0:0:0:0:0:0:1%0]:48082]: Origin header is null
[18:06:25] [Netty Worker IO Thread #2/INFO] [EaglercraftXBungee]: [/[0:0:0:0:0:0:0:1%0]:48082]: Logged in as 'rip_my_drone'
[18:06:25] [Netty Worker IO Thread #2/INFO]: [/[0:0:0:0:0:0:0:1%0]:48082|rip_my_drone] -> UpstreamBridge has connected
[18:06:25] [Netty Worker IO Thread #2/INFO]: [rip_my_drone|/[0:0:0:0:0:0:0:1%0]:48082] <-> ServerConnector [lobby] has connected
[18:07:37] [Netty Worker IO Thread #3/INFO] [EaglercraftXBungee]: [/[0:0:0:0:0:0:0:1%0]:38876]: Connected via websocket
[18:07:37] [Netty Worker IO Thread #3/INFO] [EaglercraftXBungee]: [/[0:0:0:0:0:0:0:1%0]:38876]: Origin header is http://localhost:8081
[18:07:38] [Netty Worker IO Thread #3/INFO] [EaglercraftXBungee]: [/[0:0:0:0:0:0:0:1%0]:38876]: Logged in as 'HelldiverD12'
[18:07:38] [Netty Worker IO Thread #3/INFO]: [/[0:0:0:0:0:0:0:1%0]:38876|HelldiverD12] -> UpstreamBridge has connected
[18:07:38] [Netty Worker IO Thread #3/INFO]: [HelldiverD12|/[0:0:0:0:0:0:0:1%0]:38876] <-> ServerConnector [lobby] has connected
[18:08:56] [Netty Worker IO Thread #4/INFO]: [_PresidentDC_] disconnected with: lil bro
[18:08:56] [Netty Worker IO Thread #4/INFO]: [/[0:0:0:0:0:0:0:1%0]:35680|_PresidentDC_] -> UpstreamBridge has disconnected
[18:08:56] [Netty Worker IO Thread #4/INFO]: [/[0:0:0:0:0:0:0:1%0]:35680|_PresidentDC_] <-> DownstreamBridge <-> [lobby] has disconnected
[18:09:00] [Netty Worker IO Thread #4/INFO] [EaglercraftXBungee]: [/[0:0:0:0:0:0:0:1%0]:38744]: Connected via websocket
[18:09:00] [Netty Worker IO Thread #4/INFO] [EaglercraftXBungee]: [/[0:0:0:0:0:0:0:1%0]:38744]: Origin header is null
[18:09:00] [Netty Worker IO Thread #4/INFO] [EaglercraftXBungee]: [/[0:0:0:0:0:0:0:1%0]:38744]: Logged in as '_PresidentDC_'
[18:09:00] [Netty Worker IO Thread #4/INFO]: [/[0:0:0:0:0:0:0:1%0]:38744|_PresidentDC_] -> UpstreamBridge has connected
[18:09:00] [Netty Worker IO Thread #4/INFO]: [_PresidentDC_|/[0:0:0:0:0:0:0:1%0]:38744] <-> ServerConnector [lobby] has connected
[18:09:48] [Netty Worker IO Thread #4/INFO]: [_PresidentDC_] disconnected with: Kicked by an operator.
[18:09:48] [Netty Worker IO Thread #4/INFO]: [/[0:0:0:0:0:0:0:1%0]:38744|_PresidentDC_] -> UpstreamBridge has disconnected
[18:09:48] [Netty Worker IO Thread #4/INFO]: [/[0:0:0:0:0:0:0:1%0]:38744|_PresidentDC_] <-> DownstreamBridge <-> [lobby] has disconnected
[18:09:56] [Netty Worker IO Thread #5/INFO] [EaglercraftXBungee]: [/[0:0:0:0:0:0:0:1%0]:45624]: Connected via websocket
[18:09:56] [Netty Worker IO Thread #5/INFO] [EaglercraftXBungee]: [/[0:0:0:0:0:0:0:1%0]:45624]: Origin header is null
[18:09:56] [Netty Worker IO Thread #5/INFO] [EaglercraftXBungee]: [/[0:0:0:0:0:0:0:1%0]:45624]: Logged in as '_PresidentDC_'
[18:09:56] [Netty Worker IO Thread #5/INFO]: [/[0:0:0:0:0:0:0:1%0]:45624|_PresidentDC_] -> UpstreamBridge has connected
[18:09:56] [Netty Worker IO Thread #5/INFO]: [_PresidentDC_|/[0:0:0:0:0:0:0:1%0]:45624] <-> ServerConnector [lobby] has connected
[18:12:52] [Netty Worker IO Thread #7/INFO] [EaglercraftXBungee]: [/[0:0:0:0:0:0:0:1%0]:36972]: Connected via websocket
[18:12:52] [Netty Worker IO Thread #7/INFO] [EaglercraftXBungee]: [/[0:0:0:0:0:0:0:1%0]:36972]: Origin header is null
[18:12:52] [Netty Worker IO Thread #7/INFO] [EaglercraftXBungee]: [/[0:0:0:0:0:0:0:1%0]:36972]: Logged in as 'Silly_String'
[18:12:52] [Netty Worker IO Thread #7/INFO]: [/[0:0:0:0:0:0:0:1%0]:36972|Silly_String] -> UpstreamBridge has connected
[18:12:52] [Netty Worker IO Thread #7/INFO]: [Silly_String|/[0:0:0:0:0:0:0:1%0]:36972] <-> ServerConnector [lobby] has connected
[18:12:56] [Netty Worker IO Thread #1/INFO] [EaglercraftXBungee]: [/[0:0:0:0:0:0:0:1%0]:34346]: Connected via websocket
[18:12:56] [Netty Worker IO Thread #1/INFO] [EaglercraftXBungee]: [/[0:0:0:0:0:0:0:1%0]:34346]: Origin header is https://archive.eaglercraft.rip
[18:12:57] [Netty Worker IO Thread #1/INFO] [EaglercraftXBungee]: [/[0:0:0:0:0:0:0:1%0]:34346]: Logged in as 'Junior'
[18:12:57] [Netty Worker IO Thread #1/INFO]: [/[0:0:0:0:0:0:0:1%0]:34346|Junior] -> UpstreamBridge has connected
[18:12:57] [Netty Worker IO Thread #1/INFO]: [Junior|/[0:0:0:0:0:0:0:1%0]:34346] <-> ServerConnector [lobby] has connected
[18:16:45] [Netty Worker IO Thread #1/INFO]: [Junior] disconnected with: Proxy lost connection to server.
[18:16:45] [Netty Worker IO Thread #1/INFO]: [/[0:0:0:0:0:0:0:1%0]:34346|Junior] <-> DownstreamBridge <-> [lobby] has disconnected
[18:16:45] [Netty Worker IO Thread #1/INFO]: [/[0:0:0:0:0:0:0:1%0]:34346|Junior] -> UpstreamBridge has disconnected
[18:16:49] [Netty Worker IO Thread #2/INFO] [EaglercraftXBungee]: [/[0:0:0:0:0:0:0:1%0]:60088]: Connected via websocket
[18:16:49] [Netty Worker IO Thread #2/INFO] [EaglercraftXBungee]: [/[0:0:0:0:0:0:0:1%0]:60088]: Origin header is https://archive.eaglercraft.rip
[18:16:49] [Netty Worker IO Thread #2/INFO] [EaglercraftXBungee]: [/[0:0:0:0:0:0:0:1%0]:60088]: Logged in as 'Junior'
[18:16:49] [Netty Worker IO Thread #2/INFO]: [/[0:0:0:0:0:0:0:1%0]:60088|Junior] -> UpstreamBridge has connected
[18:16:49] [Netty Worker IO Thread #2/INFO]: [Junior|/[0:0:0:0:0:0:0:1%0]:60088] <-> ServerConnector [lobby] has connected
[18:19:24] [Netty Worker IO Thread #2/INFO]: [/[0:0:0:0:0:0:0:1%0]:48082|rip_my_drone] -> UpstreamBridge has disconnected
[18:19:24] [Netty Worker IO Thread #2/INFO]: [rip_my_drone] disconnected with: Proxy lost connection to server.
[18:19:24] [Netty Worker IO Thread #2/INFO]: [/[0:0:0:0:0:0:0:1%0]:48082|rip_my_drone] <-> DownstreamBridge <-> [lobby] has disconnected
[18:20:33] [Netty Worker IO Thread #3/INFO]: [/[0:0:0:0:0:0:0:1%0]:38876|HelldiverD12] -> UpstreamBridge has disconnected
[18:20:33] [Netty Worker IO Thread #3/INFO]: [HelldiverD12] disconnected with: Proxy lost connection to server.
[18:20:33] [Netty Worker IO Thread #3/INFO]: [/[0:0:0:0:0:0:0:1%0]:38876|HelldiverD12] <-> DownstreamBridge <-> [lobby] has disconnected
[18:21:06] [Netty Worker IO Thread #2/INFO]: [/[0:0:0:0:0:0:0:1%0]:60088|Junior] -> UpstreamBridge has disconnected
[18:21:06] [Netty Worker IO Thread #2/INFO]: [Junior] disconnected with: Proxy lost connection to server.
[18:21:06] [Netty Worker IO Thread #2/INFO]: [/[0:0:0:0:0:0:0:1%0]:60088|Junior] <-> DownstreamBridge <-> [lobby] has disconnected
[18:21:09] [Netty Worker IO Thread #2/INFO]: [/[0:0:0:0:0:0:0:1%0]:42326|y_millan] -> UpstreamBridge has disconnected
[18:21:09] [Netty Worker IO Thread #2/INFO]: [y_millan] disconnected with: Proxy lost connection to server.
[18:21:09] [Netty Worker IO Thread #2/INFO]: [/[0:0:0:0:0:0:0:1%0]:42326|y_millan] <-> DownstreamBridge <-> [lobby] has disconnected
[18:21:12] [Netty Worker IO Thread #5/INFO]: [/[0:0:0:0:0:0:0:1%0]:54020|Micheal_Jackson] -> UpstreamBridge has disconnected
[18:21:12] [Netty Worker IO Thread #5/INFO]: [Micheal_Jackson] disconnected with: Proxy lost connection to server.
[18:21:12] [Netty Worker IO Thread #5/INFO]: [/[0:0:0:0:0:0:0:1%0]:54020|Micheal_Jackson] <-> DownstreamBridge <-> [lobby] has disconnected
[18:21:13] [Netty Worker IO Thread #5/INFO]: [/[0:0:0:0:0:0:0:1%0]:33220|Gaige_c] -> UpstreamBridge has disconnected
[18:21:13] [Netty Worker IO Thread #5/INFO]: [Gaige_c] disconnected with: Proxy lost connection to server.
[18:21:13] [Netty Worker IO Thread #5/INFO]: [/[0:0:0:0:0:0:0:1%0]:33220|Gaige_c] <-> DownstreamBridge <-> [lobby] has disconnected
[18:21:14] [Netty Worker IO Thread #5/INFO]: [/[0:0:0:0:0:0:0:1%0]:45624|_PresidentDC_] -> UpstreamBridge has disconnected
[18:21:14] [Netty Worker IO Thread #5/INFO]: [_PresidentDC_] disconnected with: Proxy lost connection to server.
[18:21:14] [Netty Worker IO Thread #5/INFO]: [/[0:0:0:0:0:0:0:1%0]:45624|_PresidentDC_] <-> DownstreamBridge <-> [lobby] has disconnected
[18:21:17] [Netty Worker IO Thread #7/INFO]: [/[0:0:0:0:0:0:0:1%0]:36972|Silly_String] -> UpstreamBridge has disconnected
[18:21:17] [Netty Worker IO Thread #7/INFO]: [Silly_String] disconnected with: Proxy lost connection to server.
[18:21:17] [Netty Worker IO Thread #7/INFO]: [/[0:0:0:0:0:0:0:1%0]:36972|Silly_String] <-> DownstreamBridge <-> [lobby] has disconnected
[18:22:11] [Netty Worker IO Thread #1/INFO] [EaglercraftXBungee]: [/[0:0:0:0:0:0:0:1%0]:43056]: Connected via websocket
[18:22:11] [Netty Worker IO Thread #1/INFO] [EaglercraftXBungee]: [/[0:0:0:0:0:0:0:1%0]:43056]: Origin header is null
[18:22:11] [Netty Worker IO Thread #1/INFO] [EaglercraftXBungee]: [/[0:0:0:0:0:0:0:1%0]:43056]: Logged in as 'Silly_String'
[18:22:11] [Netty Worker IO Thread #1/INFO]: [/[0:0:0:0:0:0:0:1%0]:43056|Silly_String] -> UpstreamBridge has connected
[18:22:11] [Netty Worker IO Thread #1/INFO]: [Silly_String|/[0:0:0:0:0:0:0:1%0]:43056] <-> ServerConnector [lobby] has connected
[18:24:31] [Netty Worker IO Thread #2/INFO] [EaglercraftXBungee]: [/[0:0:0:0:0:0:0:1%0]:36566]: Connected via websocket
[18:24:31] [Netty Worker IO Thread #2/INFO] [EaglercraftXBungee]: [/[0:0:0:0:0:0:0:1%0]:36566]: Origin header is null
[18:24:31] [Netty Worker IO Thread #2/INFO] [EaglercraftXBungee]: [/[0:0:0:0:0:0:0:1%0]:36566]: Logged in as 'Gaige_c'
[18:24:31] [Netty Worker IO Thread #2/INFO]: [/[0:0:0:0:0:0:0:1%0]:36566|Gaige_c] -> UpstreamBridge has connected
[18:24:31] [Netty Worker IO Thread #2/INFO]: [Gaige_c|/[0:0:0:0:0:0:0:1%0]:36566] <-> ServerConnector [lobby] has connected
[18:26:02] [Netty Worker IO Thread #4/INFO] [EaglercraftXBungee]: [/[0:0:0:0:0:0:0:1%0]:35672]: Connected via websocket
[18:26:02] [Netty Worker IO Thread #4/INFO] [EaglercraftXBungee]: [/[0:0:0:0:0:0:0:1%0]:35672]: Origin header is http://localhost:8081
[18:26:02] [Netty Worker IO Thread #4/INFO] [EaglercraftXBungee]: [/[0:0:0:0:0:0:0:1%0]:35672]: Logged in as 'Micheal_Jackson'
[18:26:02] [Netty Worker IO Thread #4/INFO]: [/[0:0:0:0:0:0:0:1%0]:35672|Micheal_Jackson] -> UpstreamBridge has connected
[18:26:02] [Netty Worker IO Thread #4/INFO]: [Micheal_Jackson|/[0:0:0:0:0:0:0:1%0]:35672] <-> ServerConnector [lobby] has connected
[18:26:18] [Netty Worker IO Thread #4/INFO]: [/[0:0:0:0:0:0:0:1%0]:35672|Micheal_Jackson] -> UpstreamBridge has disconnected
[18:26:18] [Netty Worker IO Thread #4/INFO]: [Micheal_Jackson] disconnected with: Proxy lost connection to server.
[18:26:18] [Netty Worker IO Thread #4/INFO]: [/[0:0:0:0:0:0:0:1%0]:35672|Micheal_Jackson] <-> DownstreamBridge <-> [lobby] has disconnected
[18:27:11] [Netty Worker IO Thread #1/INFO]: [/[0:0:0:0:0:0:0:1%0]:43056|Silly_String] -> UpstreamBridge has disconnected
[18:27:11] [Netty Worker IO Thread #1/INFO]: [Silly_String] disconnected with: Proxy lost connection to server.
[18:27:11] [Netty Worker IO Thread #1/INFO]: [/[0:0:0:0:0:0:0:1%0]:43056|Silly_String] <-> DownstreamBridge <-> [lobby] has disconnected
[18:29:08] [Netty Worker IO Thread #0/INFO] [EaglercraftXBungee]: [/[0:0:0:0:0:0:0:1%0]:45324]: Connected via websocket
[18:29:08] [Netty Worker IO Thread #0/INFO] [EaglercraftXBungee]: [/[0:0:0:0:0:0:0:1%0]:45324]: Origin header is null
[18:29:08] [Netty Worker IO Thread #0/INFO] [EaglercraftXBungee]: [/[0:0:0:0:0:0:0:1%0]:45324]: Logged in as 'y_millan'
[18:29:08] [Netty Worker IO Thread #0/INFO]: [/[0:0:0:0:0:0:0:1%0]:45324|y_millan] -> UpstreamBridge has connected
[18:29:08] [Netty Worker IO Thread #0/INFO]: [y_millan|/[0:0:0:0:0:0:0:1%0]:45324] <-> ServerConnector [lobby] has connected
[18:29:58] [Netty Worker IO Thread #2/INFO] [EaglercraftXBungee]: [/[0:0:0:0:0:0:0:1%0]:48792]: Connected via websocket
[18:29:58] [Netty Worker IO Thread #2/INFO] [EaglercraftXBungee]: [/[0:0:0:0:0:0:0:1%0]:48792]: Origin header is null
[18:29:58] [Netty Worker IO Thread #2/INFO] [EaglercraftXBungee]: [/[0:0:0:0:0:0:0:1%0]:48792]: Logged in as 'rip_my_drone'
[18:29:58] [Netty Worker IO Thread #2/INFO]: [/[0:0:0:0:0:0:0:1%0]:48792|rip_my_drone] -> UpstreamBridge has connected
[18:29:58] [Netty Worker IO Thread #2/INFO]: [rip_my_drone|/[0:0:0:0:0:0:0:1%0]:48792] <-> ServerConnector [lobby] has connected
[18:32:46] [Netty Worker IO Thread #2/INFO]: [/[0:0:0:0:0:0:0:1%0]:36566|Gaige_c] -> UpstreamBridge has disconnected
[18:32:46] [Netty Worker IO Thread #2/INFO]: [Gaige_c] disconnected with: Proxy lost connection to server.
[18:32:46] [Netty Worker IO Thread #2/INFO]: [/[0:0:0:0:0:0:0:1%0]:36566|Gaige_c] <-> DownstreamBridge <-> [lobby] has disconnected
[18:32:46] [Netty Worker IO Thread #2/INFO]: [/[0:0:0:0:0:0:0:1%0]:48792|rip_my_drone] -> UpstreamBridge has disconnected
[18:32:46] [Netty Worker IO Thread #2/INFO]: [rip_my_drone] disconnected with: Proxy lost connection to server.
[18:32:46] [Netty Worker IO Thread #2/INFO]: [/[0:0:0:0:0:0:0:1%0]:48792|rip_my_drone] <-> DownstreamBridge <-> [lobby] has disconnected
[18:32:46] [Netty Worker IO Thread #0/INFO]: [/[0:0:0:0:0:0:0:1%0]:45324|y_millan] -> UpstreamBridge has disconnected
[18:32:46] [Netty Worker IO Thread #0/INFO]: [y_millan] disconnected with: Proxy lost connection to server.
[18:32:46] [Netty Worker IO Thread #0/INFO]: [/[0:0:0:0:0:0:0:1%0]:45324|y_millan] <-> DownstreamBridge <-> [lobby] has disconnected
[18:33:51] [Netty Worker IO Thread #5/INFO] [EaglercraftXBungee]: [/[0:0:0:0:0:0:0:1%0]:60112]: Connected via websocket
[18:33:51] [Netty Worker IO Thread #5/INFO] [EaglercraftXBungee]: [/[0:0:0:0:0:0:0:1%0]:60112]: Origin header is null
[18:33:51] [Netty Worker IO Thread #5/INFO] [EaglercraftXBungee]: [/[0:0:0:0:0:0:0:1%0]:60112]: Logged in as 'y_millan'
[18:33:51] [Netty Worker IO Thread #5/INFO]: [/[0:0:0:0:0:0:0:1%0]:60112|y_millan] -> UpstreamBridge has connected
[18:33:51] [Netty Worker IO Thread #5/INFO]: [y_millan|/[0:0:0:0:0:0:0:1%0]:60112] <-> ServerConnector [lobby] has connected
[18:33:51] [Netty Worker IO Thread #6/INFO] [EaglercraftXBungee]: [/[0:0:0:0:0:0:0:1%0]:60120]: Connected via websocket
[18:33:51] [Netty Worker IO Thread #6/INFO] [EaglercraftXBungee]: [/[0:0:0:0:0:0:0:1%0]:60120]: Origin header is null
[18:33:51] [Netty Worker IO Thread #6/INFO] [EaglercraftXBungee]: [/[0:0:0:0:0:0:0:1%0]:60120]: Logged in as 'Gaige_c'
[18:33:51] [Netty Worker IO Thread #6/INFO]: [/[0:0:0:0:0:0:0:1%0]:60120|Gaige_c] -> UpstreamBridge has connected
[18:33:51] [Netty Worker IO Thread #6/INFO]: [Gaige_c|/[0:0:0:0:0:0:0:1%0]:60120] <-> ServerConnector [lobby] has connected
[18:34:38] [Netty Worker IO Thread #5/INFO]: [/[0:0:0:0:0:0:0:1%0]:60112|y_millan] -> UpstreamBridge has disconnected
[18:34:38] [Netty Worker IO Thread #5/INFO]: [y_millan] disconnected with: Proxy lost connection to server.
[18:34:38] [Netty Worker IO Thread #5/INFO]: [/[0:0:0:0:0:0:0:1%0]:60112|y_millan] <-> DownstreamBridge <-> [lobby] has disconnected
[18:35:46] [Netty Worker IO Thread #6/INFO]: [/[0:0:0:0:0:0:0:1%0]:60120|Gaige_c] -> UpstreamBridge has disconnected
[18:35:46] [Netty Worker IO Thread #6/INFO]: [Gaige_c] disconnected with: Proxy lost connection to server.
[18:35:46] [Netty Worker IO Thread #6/INFO]: [/[0:0:0:0:0:0:0:1%0]:60120|Gaige_c] <-> DownstreamBridge <-> [lobby] has disconnected
[18:45:41] [Netty Worker IO Thread #3/INFO] [EaglercraftXBungee]: [/[0:0:0:0:0:0:0:1%0]:56502]: Connected via websocket
[18:45:41] [Netty Worker IO Thread #3/INFO] [EaglercraftXBungee]: [/[0:0:0:0:0:0:0:1%0]:56502]: Origin header is null
[18:45:41] [Netty Worker IO Thread #3/INFO] [EaglercraftXBungee]: [/[0:0:0:0:0:0:0:1%0]:56502]: Logged in as '_PresidentDC_'
[18:45:41] [Netty Worker IO Thread #3/INFO]: [/[0:0:0:0:0:0:0:1%0]:56502|_PresidentDC_] -> UpstreamBridge has connected
[18:45:41] [Netty Worker IO Thread #3/INFO]: [_PresidentDC_|/[0:0:0:0:0:0:0:1%0]:56502] <-> ServerConnector [lobby] has connected
[18:46:09] [Netty Worker IO Thread #3/INFO]: [/[0:0:0:0:0:0:0:1%0]:56502|_PresidentDC_] -> UpstreamBridge has disconnected
[18:46:09] [Netty Worker IO Thread #3/INFO]: [_PresidentDC_] disconnected with: Proxy lost connection to server.
[18:46:09] [Netty Worker IO Thread #3/INFO]: [/[0:0:0:0:0:0:0:1%0]:56502|_PresidentDC_] <-> DownstreamBridge <-> [lobby] has disconnected
[18:46:16] [Netty Worker IO Thread #5/INFO] [EaglercraftXBungee]: [/[0:0:0:0:0:0:0:1%0]:47306]: Connected via websocket
[18:46:16] [Netty Worker IO Thread #5/INFO] [EaglercraftXBungee]: [/[0:0:0:0:0:0:0:1%0]:47306]: Origin header is null
[18:46:16] [Netty Worker IO Thread #5/INFO] [EaglercraftXBungee]: [/[0:0:0:0:0:0:0:1%0]:47306]: Logged in as '_PresidentDC_'
[18:46:16] [Netty Worker IO Thread #5/INFO]: [/[0:0:0:0:0:0:0:1%0]:47306|_PresidentDC_] -> UpstreamBridge has connected
[18:46:16] [Netty Worker IO Thread #5/INFO]: [_PresidentDC_|/[0:0:0:0:0:0:0:1%0]:47306] <-> ServerConnector [lobby] has connected
[18:49:30] [Netty Worker IO Thread #5/INFO]: [/[0:0:0:0:0:0:0:1%0]:47306|_PresidentDC_] -> UpstreamBridge has disconnected
[18:49:30] [Netty Worker IO Thread #5/INFO]: [_PresidentDC_] disconnected with: Proxy lost connection to server.
[18:49:30] [Netty Worker IO Thread #5/INFO]: [/[0:0:0:0:0:0:0:1%0]:47306|_PresidentDC_] <-> DownstreamBridge <-> [lobby] has disconnected
[18:53:45] [Netty Worker IO Thread #7/INFO] [EaglercraftXBungee]: [/[0:0:0:0:0:0:0:1%0]:57288]: Connected via websocket
[18:53:45] [Netty Worker IO Thread #7/INFO] [EaglercraftXBungee]: [/[0:0:0:0:0:0:0:1%0]:57288]: Origin header is null
[18:53:45] [Netty Worker IO Thread #7/INFO] [EaglercraftXBungee]: [/[0:0:0:0:0:0:0:1%0]:57288]: Logged in as 'Gaige_c'
[18:53:45] [Netty Worker IO Thread #7/INFO]: [/[0:0:0:0:0:0:0:1%0]:57288|Gaige_c] -> UpstreamBridge has connected
[18:53:45] [Netty Worker IO Thread #7/INFO]: [Gaige_c|/[0:0:0:0:0:0:0:1%0]:57288] <-> ServerConnector [lobby] has connected
[18:56:21] [Netty Worker IO Thread #2/INFO] [EaglercraftXBungee]: [/[0:0:0:0:0:0:0:1%0]:56052]: Connected via websocket
[18:56:21] [Netty Worker IO Thread #2/INFO] [EaglercraftXBungee]: [/[0:0:0:0:0:0:0:1%0]:56052]: Origin header is null
[18:56:22] [Netty Worker IO Thread #2/INFO] [EaglercraftXBungee]: [/[0:0:0:0:0:0:0:1%0]:56052]: Logged in as '_PresidentDC_'
[18:56:22] [Netty Worker IO Thread #2/INFO]: [/[0:0:0:0:0:0:0:1%0]:56052|_PresidentDC_] -> UpstreamBridge has connected
[18:56:22] [Netty Worker IO Thread #2/INFO]: [_PresidentDC_|/[0:0:0:0:0:0:0:1%0]:56052] <-> ServerConnector [lobby] has connected
[18:56:54] [Netty Worker IO Thread #4/INFO] [EaglercraftXBungee]: [/[0:0:0:0:0:0:0:1%0]:44524]: Connected via websocket
[18:56:54] [Netty Worker IO Thread #4/INFO] [EaglercraftXBungee]: [/[0:0:0:0:0:0:0:1%0]:44524]: Origin header is null
[18:56:54] [Netty Worker IO Thread #4/INFO] [EaglercraftXBungee]: [/[0:0:0:0:0:0:0:1%0]:44524]: Logged in as 'y_millan'
[18:56:54] [Netty Worker IO Thread #4/INFO]: [/[0:0:0:0:0:0:0:1%0]:44524|y_millan] -> UpstreamBridge has connected
[18:56:54] [Netty Worker IO Thread #4/INFO]: [y_millan|/[0:0:0:0:0:0:0:1%0]:44524] <-> ServerConnector [lobby] has connected
[18:56:59] [Thread-3/INFO]: Closing listener [id: 0x0b6424fa, L:/127.0.0.1:25577]
[18:56:59] [main/ERROR]: Exception in thread "main" java.io.IOError: java.io.IOException: Input/output error
[18:56:59] [main/ERROR]: 	at org.jline.keymap.BindingReader.readCharacter(BindingReader.java:170)
[18:56:59] [main/ERROR]: 	at org.jline.keymap.BindingReader.readBinding(BindingReader.java:110)
[18:56:59] [main/ERROR]: 	at org.jline.keymap.BindingReader.readBinding(BindingReader.java:61)
[18:56:59] [main/ERROR]: 	at org.jline.reader.impl.LineReaderImpl.doReadBinding(LineReaderImpl.java:923)
[18:56:59] [main/ERROR]: 	at org.jline.reader.impl.LineReaderImpl.readBinding(LineReaderImpl.java:956)
[18:56:59] [main/ERROR]: 	at org.jline.reader.impl.LineReaderImpl.readLine(LineReaderImpl.java:651)
[18:56:59] [main/ERROR]: 	at org.jline.reader.impl.LineReaderImpl.readLine(LineReaderImpl.java:468)
[18:56:59] [main/ERROR]: 	at net.minecrell.terminalconsole.SimpleTerminalConsole.readCommands(SimpleTerminalConsole.java:158)
[18:56:59] [main/ERROR]: 	at net.minecrell.terminalconsole.SimpleTerminalConsole.start(SimpleTerminalConsole.java:141)
[18:56:59] [main/ERROR]: 	at net.md_5.bungee.BungeeCordLauncher.main(BungeeCordLauncher.java:72)
[18:56:59] [main/ERROR]: 	at net.md_5.bungee.Bootstrap.main(Bootstrap.java:15)
[18:56:59] [main/ERROR]: Caused by: java.io.IOException: Input/output error
[18:56:59] [main/ERROR]: 	at java.base/java.io.FileInputStream.read0(Native Method)
[18:56:59] [main/ERROR]: 	at java.base/java.io.FileInputStream.read(FileInputStream.java:231)
[18:56:59] [main/ERROR]: 	at org.jline.terminal.impl.AbstractPty$PtyInputStream.read(AbstractPty.java:73)
[18:56:59] [main/ERROR]: 	at org.jline.utils.NonBlockingInputStream.read(NonBlockingInputStream.java:62)
[18:56:59] [main/ERROR]: 	at org.jline.utils.NonBlocking$NonBlockingInputStreamReader.read(NonBlocking.java:168)
[18:56:59] [main/ERROR]: 	at org.jline.utils.NonBlockingReader.read(NonBlockingReader.java:57)
[18:56:59] [main/ERROR]: 	at org.jline.keymap.BindingReader.readCharacter(BindingReader.java:160)
[18:56:59] [main/ERROR]: 	... 10 more
